<?xml version="1.0" encoding="UTF-8"?>
<!-- Generated by org.testng.reporters.JUnitReportReporter -->
<testsuite hostname="user" failures="0" tests="1" name="com.crm.vtiger.sampleTests.CreateOrganizationWithIndustryTest" time="73.385" errors="0" timestamp="2021-05-06T14:40:10 IST" skipped="0">
  <testcase classname="com.crm.vtiger.sampleTests.CreateOrganizationWithIndustryTest" name="createOrganizationWithIndustry" time="73.385"/>
  <system-out/>
</testsuite> <!-- com.crm.vtiger.sampleTests.CreateOrganizationWithIndustryTest -->
