<?xml version="1.0" encoding="UTF-8"?>
<!-- Generated by org.testng.reporters.JUnitReportReporter -->
<testsuite hostname="user" failures="0" tests="1" name="com.crm.vtiger.GenericUtils.JavaUtility" time="0.061" errors="0" timestamp="2021-05-10T12:04:04 IST" skipped="0">
  <testcase classname="com.crm.vtiger.GenericUtils.JavaUtility" name="time" time="0.061"/>
  <system-out/>
</testsuite> <!-- com.crm.vtiger.GenericUtils.JavaUtility -->
