<?xml version="1.0" encoding="UTF-8"?>
<!-- Generated by org.testng.reporters.JUnitReportReporter -->
<testsuite hostname="user" failures="0" tests="2" name="com.actitime.LoginToActiTimeTest" time="88.854" errors="0" timestamp="2021-05-21T21:37:43 IST" skipped="0">
  <testcase classname="com.actitime.LoginToActiTimeTest" name="loginToApplication" time="44.003"/>
  <system-out>
successfully logged out from the application  </system-out>
  <testcase classname="com.actitime.LoginToActiTimeTest" name="loginToApplication" time="44.851"/>
  <system-out>
successfully logged out from the application  </system-out>
</testsuite> <!-- com.actitime.LoginToActiTimeTest -->
