<?xml version="1.0" encoding="UTF-8"?>
<!-- Generated by org.testng.reporters.JUnitReportReporter -->
<testsuite hostname="user" failures="0" tests="1" name="com.crm.vtiger.sampleTests.SampleTest" time="0.017" errors="0" timestamp="2021-05-10T07:43:13 IST" skipped="0">
  <testcase classname="com.crm.vtiger.sampleTests.SampleTest" name="sample1" time="0.017"/>
  <system-out/>
</testsuite> <!-- com.crm.vtiger.sampleTests.SampleTest -->
