<?xml version="1.0" encoding="UTF-8"?>
<!-- Generated by org.testng.reporters.JUnitReportReporter -->
<testsuite hostname="user" failures="0" tests="1" name="com.crm.vtiger.leadsTests.TC_07_CreateNewLeadBySelectingDifferentIndustryFromDropDownTest" time="57.250" errors="0" timestamp="2021-05-06T23:03:34 IST" skipped="0">
  <testcase classname="com.crm.vtiger.leadsTests.TC_07_CreateNewLeadBySelectingDifferentIndustryFromDropDownTest" name="TC_07_CreateNewLeadBySelectingDifferentIndustryFromDropDown" time="57.250"/>
  <system-out/>
</testsuite> <!-- com.crm.vtiger.leadsTests.TC_07_CreateNewLeadBySelectingDifferentIndustryFromDropDownTest -->
