<?xml version="1.0" encoding="UTF-8"?>
<!-- Generated by org.testng.reporters.JUnitReportReporter -->
<testsuite hostname="user" failures="0" tests="1" name="com.crm.vtiger.sampleTests.CreateContactWithOrganizationTest" time="51.021" errors="0" timestamp="2021-05-06T10:34:55 IST" skipped="0">
  <testcase classname="com.crm.vtiger.sampleTests.CreateContactWithOrganizationTest" name="createContact" time="51.021"/>
  <system-out/>
</testsuite> <!-- com.crm.vtiger.sampleTests.CreateContactWithOrganizationTest -->
