<?xml version="1.0" encoding="UTF-8"?>
<!-- Generated by org.testng.reporters.JUnitReportReporter -->
<testsuite hostname="user" failures="0" tests="1" name="com.crm.vtiger.sampleTests.CreateContactWithOrganizationTest" time="95.041" errors="0" timestamp="2021-05-21T20:28:20 IST" skipped="0">
  <testcase classname="com.crm.vtiger.sampleTests.CreateContactWithOrganizationTest" name="createContact" time="95.041"/>
  <system-out/>
</testsuite> <!-- com.crm.vtiger.sampleTests.CreateContactWithOrganizationTest -->
