<?xml version="1.0" encoding="UTF-8"?>
<!-- Generated by org.testng.reporters.JUnitReportReporter -->
<testsuite hostname="user" failures="0" tests="1" name="com.crm.vtiger.leadsTests.TC_08_CreateNewLeadBySelectingLeadStatusFromDropDownTest" time="37.147" errors="0" timestamp="2021-05-06T23:09:19 IST" skipped="0">
  <testcase classname="com.crm.vtiger.leadsTests.TC_08_CreateNewLeadBySelectingLeadStatusFromDropDownTest" name="TC_08_CreateNewLeadBySelectingLeadStatusFromDropDown" time="37.147"/>
  <system-out/>
</testsuite> <!-- com.crm.vtiger.leadsTests.TC_08_CreateNewLeadBySelectingLeadStatusFromDropDownTest -->
