<?xml version="1.0" encoding="UTF-8"?>
<!-- Generated by org.testng.reporters.JUnitReportReporter -->
<testsuite hostname="user" failures="0" tests="1" name="com.crm.vtiger.leadsTests.TC_06_CreateNewLeadBySelectingDifferentLeadSourceFromDropDownTest" time="37.687" errors="0" timestamp="2021-05-07T23:11:12 IST" skipped="0">
  <testcase classname="com.crm.vtiger.leadsTests.TC_06_CreateNewLeadBySelectingDifferentLeadSourceFromDropDownTest" name="TC_06_CreateNewLeadBySelectingDifferentLeadSourceFromDropDown" time="37.687"/>
  <system-out/>
</testsuite> <!-- com.crm.vtiger.leadsTests.TC_06_CreateNewLeadBySelectingDifferentLeadSourceFromDropDownTest -->
