<?xml version="1.0" encoding="UTF-8"?>
<!-- Generated by org.testng.reporters.JUnitReportReporter -->
<testsuite hostname="user" failures="0" tests="1" name="com.crm.vtiger.leadsTests.TC_07_CreateNewLeadBySelectingDifferentIndustryFromDropDownTest" time="0.052" errors="1" timestamp="2021-05-11T00:24:29 IST" skipped="0">
  <testcase classname="com.crm.vtiger.leadsTests.TC_07_CreateNewLeadBySelectingDifferentIndustryFromDropDownTest" name="TC_07_CreateNewLeadBySelectingDifferentIndustryFromDropDown" time="0.052">
    <error type="java.lang.StackOverflowError">
      <![CDATA[java.lang.StackOverflowError
at com.crm.vtiger.GenericUtils.WebDriverUtility.<init>(WebDriverUtility.java:29)
at com.crm.vtiger.GenericUtils.BaseClass.<init>(BaseClass.java:26)
at com.crm.vtiger.GenericUtils.WebDriverUtility.<init>(WebDriverUtility.java:29)
at com.crm.vtiger.GenericUtils.BaseClass.<init>(BaseClass.java:26)
at com.crm.vtiger.GenericUtils.WebDriverUtility.<init>(WebDriverUtility.java:29)
at com.crm.vtiger.GenericUtils.BaseClass.<init>(BaseClass.java:26)
at com.crm.vtiger.GenericUtils.WebDriverUtility.<init>(WebDriverUtility.java:29)
at com.crm.vtiger.GenericUtils.BaseClass.<init>(BaseClass.java:26)
at com.crm.vtiger.GenericUtils.WebDriverUtility.<init>(WebDriverUtility.java:29)
at com.crm.vtiger.GenericUtils.BaseClass.<init>(BaseClass.java:26)
at com.crm.vtiger.GenericUtils.WebDriverUtility.<init>(WebDriverUtility.java:29)
at com.crm.vtiger.GenericUtils.BaseClass.<init>(BaseClass.java:26)
at com.crm.vtiger.GenericUtils.WebDriverUtility.<init>(WebDriverUtility.java:29)
at com.crm.vtiger.GenericUtils.BaseClass.<init>(BaseClass.java:26)
at com.crm.vtiger.GenericUtils.WebDriverUtility.<init>(WebDriverUtility.java:29)
at com.crm.vtiger.GenericUtils.BaseClass.<init>(BaseClass.java:26)
at com.crm.vtiger.GenericUtils.WebDriverUtility.<init>(WebDriverUtility.java:29)
at com.crm.vtiger.GenericUtils.BaseClass.<init>(BaseClass.java:26)
at com.crm.vtiger.GenericUtils.WebDriverUtility.<init>(WebDriverUtility.java:29)
at com.crm.vtiger.GenericUtils.BaseClass.<init>(BaseClass.java:26)
at com.crm.vtiger.GenericUtils.WebDriverUtility.<init>(WebDriverUtility.java:29)
at com.crm.vtiger.GenericUtils.BaseClass.<init>(BaseClass.java:26)
at com.crm.vtiger.GenericUtils.WebDriverUtility.<init>(WebDriverUtility.java:29)
at com.crm.vtiger.GenericUtils.BaseClass.<init>(BaseClass.java:26)
at com.crm.vtiger.GenericUtils.WebDriverUtility.<init>(WebDriverUtility.java:29)
at com.crm.vtiger.GenericUtils.BaseClass.<init>(BaseClass.java:26)
at com.crm.vtiger.GenericUtils.WebDriverUtility.<init>(WebDriverUtility.java:29)
at com.crm.vtiger.GenericUtils.BaseClass.<init>(BaseClass.java:26)
at com.crm.vtiger.GenericUtils.WebDriverUtility.<init>(WebDriverUtility.java:29)
at com.crm.vtiger.GenericUtils.BaseClass.<init>(BaseClass.java:26)
at com.crm.vtiger.GenericUtils.WebDriverUtility.<init>(WebDriverUtility.java:29)
at com.crm.vtiger.GenericUtils.BaseClass.<init>(BaseClass.java:26)
at com.crm.vtiger.GenericUtils.WebDriverUtility.<init>(WebDriverUtility.java:29)
at com.crm.vtiger.GenericUtils.BaseClass.<init>(BaseClass.java:26)
at com.crm.vtiger.GenericUtils.WebDriverUtility.<init>(WebDriverUtility.java:29)
at com.crm.vtiger.GenericUtils.BaseClass.<init>(BaseClass.java:26)
at com.crm.vtiger.GenericUtils.WebDriverUtility.<init>(WebDriverUtility.java:29)
at com.crm.vtiger.GenericUtils.BaseClass.<init>(BaseClass.java:26)
at com.crm.vtiger.GenericUtils.WebDriverUtility.<init>(WebDriverUtility.java:29)
at com.crm.vtiger.GenericUtils.BaseClass.<init>(BaseClass.java:26)
at com.crm.vtiger.GenericUtils.WebDriverUtility.<init>(WebDriverUtility.java:29)
at com.crm.vtiger.GenericUtils.BaseClass.<init>(BaseClass.java:26)
at com.crm.vtiger.GenericUtils.WebDriverUtility.<init>(WebDriverUtility.java:29)
at com.crm.vtiger.GenericUtils.BaseClass.<init>(BaseClass.java:26)
at com.crm.vtiger.GenericUtils.WebDriverUtility.<init>(WebDriverUtility.java:29)
at com.crm.vtiger.GenericUtils.BaseClass.<init>(BaseClass.java:26)
at com.crm.vtiger.GenericUtils.WebDriverUtility.<init>(WebDriverUtility.java:29)
at com.crm.vtiger.GenericUtils.BaseClass.<init>(BaseClass.java:26)
at com.crm.vtiger.GenericUtils.WebDriverUtility.<init>(WebDriverUtility.java:29)
at com.crm.vtiger.GenericUtils.BaseClass.<init>(BaseClass.java:26)
at com.crm.vtiger.GenericUtils.WebDriverUtility.<init>(WebDriverUtility.java:29)
at com.crm.vtiger.GenericUtils.BaseClass.<init>(BaseClass.java:26)
at com.crm.vtiger.GenericUtils.WebDriverUtility.<init>(WebDriverUtility.java:29)
at com.crm.vtiger.GenericUtils.BaseClass.<init>(BaseClass.java:26)
at com.crm.vtiger.GenericUtils.WebDriverUtility.<init>(WebDriverUtility.java:29)
at com.crm.vtiger.GenericUtils.BaseClass.<init>(BaseClass.java:26)
at com.crm.vtiger.GenericUtils.WebDriverUtility.<init>(WebDriverUtility.java:29)
at com.crm.vtiger.GenericUtils.BaseClass.<init>(BaseClass.java:26)
at com.crm.vtiger.GenericUtils.WebDriverUtility.<init>(WebDriverUtility.java:29)
at com.crm.vtiger.GenericUtils.BaseClass.<init>(BaseClass.java:26)
at com.crm.vtiger.GenericUtils.WebDriverUtility.<init>(WebDriverUtility.java:29)
at com.crm.vtiger.GenericUtils.BaseClass.<init>(BaseClass.java:26)
at com.crm.vtiger.GenericUtils.WebDriverUtility.<init>(WebDriverUtility.java:29)
at com.crm.vtiger.GenericUtils.BaseClass.<init>(BaseClass.java:26)
at com.crm.vtiger.GenericUtils.WebDriverUtility.<init>(WebDriverUtility.java:29)
at com.crm.vtiger.GenericUtils.BaseClass.<init>(BaseClass.java:26)
at com.crm.vtiger.GenericUtils.WebDriverUtility.<init>(WebDriverUtility.java:29)
at com.crm.vtiger.GenericUtils.BaseClass.<init>(BaseClass.java:26)
at com.crm.vtiger.GenericUtils.WebDriverUtility.<init>(WebDriverUtility.java:29)
at com.crm.vtiger.GenericUtils.BaseClass.<init>(BaseClass.java:26)
at com.crm.vtiger.GenericUtils.WebDriverUtility.<init>(WebDriverUtility.java:29)
at com.crm.vtiger.GenericUtils.BaseClass.<init>(BaseClass.java:26)
at com.crm.vtiger.GenericUtils.WebDriverUtility.<init>(WebDriverUtility.java:29)
at com.crm.vtiger.GenericUtils.BaseClass.<init>(BaseClass.java:26)
at com.crm.vtiger.GenericUtils.WebDriverUtility.<init>(WebDriverUtility.java:29)
at com.crm.vtiger.GenericUtils.BaseClass.<init>(BaseClass.java:26)
at com.crm.vtiger.GenericUtils.WebDriverUtility.<init>(WebDriverUtility.java:29)
at com.crm.vtiger.GenericUtils.BaseClass.<init>(BaseClass.java:26)
at com.crm.vtiger.GenericUtils.WebDriverUtility.<init>(WebDriverUtility.java:29)
at com.crm.vtiger.GenericUtils.BaseClass.<init>(BaseClass.java:26)
at com.crm.vtiger.GenericUtils.WebDriverUtility.<init>(WebDriverUtility.java:29)
at com.crm.vtiger.GenericUtils.BaseClass.<init>(BaseClass.java:26)
at com.crm.vtiger.GenericUtils.WebDriverUtility.<init>(WebDriverUtility.java:29)
at com.crm.vtiger.GenericUtils.BaseClass.<init>(BaseClass.java:26)
at com.crm.vtiger.GenericUtils.WebDriverUtility.<init>(WebDriverUtility.java:29)
at com.crm.vtiger.GenericUtils.BaseClass.<init>(BaseClass.java:26)
at com.crm.vtiger.GenericUtils.WebDriverUtility.<init>(WebDriverUtility.java:29)
at com.crm.vtiger.GenericUtils.BaseClass.<init>(BaseClass.java:26)
at com.crm.vtiger.GenericUtils.WebDriverUtility.<init>(WebDriverUtility.java:29)
at com.crm.vtiger.GenericUtils.BaseClass.<init>(BaseClass.java:26)
at com.crm.vtiger.GenericUtils.WebDriverUtility.<init>(WebDriverUtility.java:29)
at com.crm.vtiger.GenericUtils.BaseClass.<init>(BaseClass.java:26)
at com.crm.vtiger.GenericUtils.WebDriverUtility.<init>(WebDriverUtility.java:29)
at com.crm.vtiger.GenericUtils.BaseClass.<init>(BaseClass.java:26)
at com.crm.vtiger.GenericUtils.WebDriverUtility.<init>(WebDriverUtility.java:29)
at com.crm.vtiger.GenericUtils.BaseClass.<init>(BaseClass.java:26)
at com.crm.vtiger.GenericUtils.WebDriverUtility.<init>(WebDriverUtility.java:29)
at com.crm.vtiger.GenericUtils.BaseClass.<init>(BaseClass.java:26)
at com.crm.vtiger.GenericUtils.WebDriverUtility.<init>(WebDriverUtility.java:29)
at com.crm.vtiger.GenericUtils.BaseClass.<init>(BaseClass.java:26)
at com.crm.vtiger.GenericUtils.WebDriverUtility.<init>(WebDriverUtility.java:29)
at com.crm.vtiger.GenericUtils.BaseClass.<init>(BaseClass.java:26)
at com.crm.vtiger.GenericUtils.WebDriverUtility.<init>(WebDriverUtility.java:29)
at com.crm.vtiger.GenericUtils.BaseClass.<init>(BaseClass.java:26)
at com.crm.vtiger.GenericUtils.WebDriverUtility.<init>(WebDriverUtility.java:29)
at com.crm.vtiger.GenericUtils.BaseClass.<init>(BaseClass.java:26)
at com.crm.vtiger.GenericUtils.WebDriverUtility.<init>(WebDriverUtility.java:29)
at com.crm.vtiger.GenericUtils.BaseClass.<init>(BaseClass.java:26)
at com.crm.vtiger.GenericUtils.WebDriverUtility.<init>(WebDriverUtility.java:29)
at com.crm.vtiger.GenericUtils.BaseClass.<init>(BaseClass.java:26)
at com.crm.vtiger.GenericUtils.WebDriverUtility.<init>(WebDriverUtility.java:29)
at com.crm.vtiger.GenericUtils.BaseClass.<init>(BaseClass.java:26)
at com.crm.vtiger.GenericUtils.WebDriverUtility.<init>(WebDriverUtility.java:29)
at com.crm.vtiger.GenericUtils.BaseClass.<init>(BaseClass.java:26)
at com.crm.vtiger.GenericUtils.WebDriverUtility.<init>(WebDriverUtility.java:29)
at com.crm.vtiger.GenericUtils.BaseClass.<init>(BaseClass.java:26)
at com.crm.vtiger.GenericUtils.WebDriverUtility.<init>(WebDriverUtility.java:29)
at com.crm.vtiger.GenericUtils.BaseClass.<init>(BaseClass.java:26)
at com.crm.vtiger.GenericUtils.WebDriverUtility.<init>(WebDriverUtility.java:29)
at com.crm.vtiger.GenericUtils.BaseClass.<init>(BaseClass.java:26)
at com.crm.vtiger.GenericUtils.WebDriverUtility.<init>(WebDriverUtility.java:29)
at com.crm.vtiger.GenericUtils.BaseClass.<init>(BaseClass.java:26)
at com.crm.vtiger.GenericUtils.WebDriverUtility.<init>(WebDriverUtility.java:29)
at com.crm.vtiger.GenericUtils.BaseClass.<init>(BaseClass.java:26)
at com.crm.vtiger.GenericUtils.WebDriverUtility.<init>(WebDriverUtility.java:29)
at com.crm.vtiger.GenericUtils.BaseClass.<init>(BaseClass.java:26)
at com.crm.vtiger.GenericUtils.WebDriverUtility.<init>(WebDriverUtility.java:29)
at com.crm.vtiger.GenericUtils.BaseClass.<init>(BaseClass.java:26)
at com.crm.vtiger.GenericUtils.WebDriverUtility.<init>(WebDriverUtility.java:29)
at com.crm.vtiger.GenericUtils.BaseClass.<init>(BaseClass.java:26)
at com.crm.vtiger.GenericUtils.WebDriverUtility.<init>(WebDriverUtility.java:29)
at com.crm.vtiger.GenericUtils.BaseClass.<init>(BaseClass.java:26)
at com.crm.vtiger.GenericUtils.WebDriverUtility.<init>(WebDriverUtility.java:29)
at com.crm.vtiger.GenericUtils.BaseClass.<init>(BaseClass.java:26)
at com.crm.vtiger.GenericUtils.WebDriverUtility.<init>(WebDriverUtility.java:29)
at com.crm.vtiger.GenericUtils.BaseClass.<init>(BaseClass.java:26)
at com.crm.vtiger.GenericUtils.WebDriverUtility.<init>(WebDriverUtility.java:29)
at com.crm.vtiger.GenericUtils.BaseClass.<init>(BaseClass.java:26)
at com.crm.vtiger.GenericUtils.WebDriverUtility.<init>(WebDriverUtility.java:29)
at com.crm.vtiger.GenericUtils.BaseClass.<init>(BaseClass.java:26)
at com.crm.vtiger.GenericUtils.WebDriverUtility.<init>(WebDriverUtility.java:29)
at com.crm.vtiger.GenericUtils.BaseClass.<init>(BaseClass.java:26)
at com.crm.vtiger.GenericUtils.WebDriverUtility.<init>(WebDriverUtility.java:29)
at com.crm.vtiger.GenericUtils.BaseClass.<init>(BaseClass.java:26)
at com.crm.vtiger.GenericUtils.WebDriverUtility.<init>(WebDriverUtility.java:29)
at com.crm.vtiger.GenericUtils.BaseClass.<init>(BaseClass.java:26)
at com.crm.vtiger.GenericUtils.WebDriverUtility.<init>(WebDriverUtility.java:29)
at com.crm.vtiger.GenericUtils.BaseClass.<init>(BaseClass.java:26)
at com.crm.vtiger.GenericUtils.WebDriverUtility.<init>(WebDriverUtility.java:29)
at com.crm.vtiger.GenericUtils.BaseClass.<init>(BaseClass.java:26)
at com.crm.vtiger.GenericUtils.WebDriverUtility.<init>(WebDriverUtility.java:29)
at com.crm.vtiger.GenericUtils.BaseClass.<init>(BaseClass.java:26)
at com.crm.vtiger.GenericUtils.WebDriverUtility.<init>(WebDriverUtility.java:29)
at com.crm.vtiger.GenericUtils.BaseClass.<init>(BaseClass.java:26)
at com.crm.vtiger.GenericUtils.WebDriverUtility.<init>(WebDriverUtility.java:29)
at com.crm.vtiger.GenericUtils.BaseClass.<init>(BaseClass.java:26)
at com.crm.vtiger.GenericUtils.WebDriverUtility.<init>(WebDriverUtility.java:29)
at com.crm.vtiger.GenericUtils.BaseClass.<init>(BaseClass.java:26)
at com.crm.vtiger.GenericUtils.WebDriverUtility.<init>(WebDriverUtility.java:29)
at com.crm.vtiger.GenericUtils.BaseClass.<init>(BaseClass.java:26)
at com.crm.vtiger.GenericUtils.WebDriverUtility.<init>(WebDriverUtility.java:29)
at com.crm.vtiger.GenericUtils.BaseClass.<init>(BaseClass.java:26)
at com.crm.vtiger.GenericUtils.WebDriverUtility.<init>(WebDriverUtility.java:29)
at com.crm.vtiger.GenericUtils.BaseClass.<init>(BaseClass.java:26)
at com.crm.vtiger.GenericUtils.WebDriverUtility.<init>(WebDriverUtility.java:29)
at com.crm.vtiger.GenericUtils.BaseClass.<init>(BaseClass.java:26)
at com.crm.vtiger.GenericUtils.WebDriverUtility.<init>(WebDriverUtility.java:29)
at com.crm.vtiger.GenericUtils.BaseClass.<init>(BaseClass.java:26)
at com.crm.vtiger.GenericUtils.WebDriverUtility.<init>(WebDriverUtility.java:29)
at com.crm.vtiger.GenericUtils.BaseClass.<init>(BaseClass.java:26)
at com.crm.vtiger.GenericUtils.WebDriverUtility.<init>(WebDriverUtility.java:29)
at com.crm.vtiger.GenericUtils.BaseClass.<init>(BaseClass.java:26)
at com.crm.vtiger.GenericUtils.WebDriverUtility.<init>(WebDriverUtility.java:29)
at com.crm.vtiger.GenericUtils.BaseClass.<init>(BaseClass.java:26)
at com.crm.vtiger.GenericUtils.WebDriverUtility.<init>(WebDriverUtility.java:29)
at com.crm.vtiger.GenericUtils.BaseClass.<init>(BaseClass.java:26)
at com.crm.vtiger.GenericUtils.WebDriverUtility.<init>(WebDriverUtility.java:29)
at com.crm.vtiger.GenericUtils.BaseClass.<init>(BaseClass.java:26)
at com.crm.vtiger.GenericUtils.WebDriverUtility.<init>(WebDriverUtility.java:29)
at com.crm.vtiger.GenericUtils.BaseClass.<init>(BaseClass.java:26)
at com.crm.vtiger.GenericUtils.WebDriverUtility.<init>(WebDriverUtility.java:29)
at com.crm.vtiger.GenericUtils.BaseClass.<init>(BaseClass.java:26)
at com.crm.vtiger.GenericUtils.WebDriverUtility.<init>(WebDriverUtility.java:29)
at com.crm.vtiger.GenericUtils.BaseClass.<init>(BaseClass.java:26)
at com.crm.vtiger.GenericUtils.WebDriverUtility.<init>(WebDriverUtility.java:29)
at com.crm.vtiger.GenericUtils.BaseClass.<init>(BaseClass.java:26)
at com.crm.vtiger.GenericUtils.WebDriverUtility.<init>(WebDriverUtility.java:29)
at com.crm.vtiger.GenericUtils.BaseClass.<init>(BaseClass.java:26)
at com.crm.vtiger.GenericUtils.WebDriverUtility.<init>(WebDriverUtility.java:29)
at com.crm.vtiger.GenericUtils.BaseClass.<init>(BaseClass.java:26)
at com.crm.vtiger.GenericUtils.WebDriverUtility.<init>(WebDriverUtility.java:29)
at com.crm.vtiger.GenericUtils.BaseClass.<init>(BaseClass.java:26)
at com.crm.vtiger.GenericUtils.WebDriverUtility.<init>(WebDriverUtility.java:29)
at com.crm.vtiger.GenericUtils.BaseClass.<init>(BaseClass.java:26)
at com.crm.vtiger.GenericUtils.WebDriverUtility.<init>(WebDriverUtility.java:29)
at com.crm.vtiger.GenericUtils.BaseClass.<init>(BaseClass.java:26)
at com.crm.vtiger.GenericUtils.WebDriverUtility.<init>(WebDriverUtility.java:29)
at com.crm.vtiger.GenericUtils.BaseClass.<init>(BaseClass.java:26)
at com.crm.vtiger.GenericUtils.WebDriverUtility.<init>(WebDriverUtility.java:29)
at com.crm.vtiger.GenericUtils.BaseClass.<init>(BaseClass.java:26)
at com.crm.vtiger.GenericUtils.WebDriverUtility.<init>(WebDriverUtility.java:29)
at com.crm.vtiger.GenericUtils.BaseClass.<init>(BaseClass.java:26)
at com.crm.vtiger.GenericUtils.WebDriverUtility.<init>(WebDriverUtility.java:29)
at com.crm.vtiger.GenericUtils.BaseClass.<init>(BaseClass.java:26)
at com.crm.vtiger.GenericUtils.WebDriverUtility.<init>(WebDriverUtility.java:29)
at com.crm.vtiger.GenericUtils.BaseClass.<init>(BaseClass.java:26)
at com.crm.vtiger.GenericUtils.WebDriverUtility.<init>(WebDriverUtility.java:29)
at com.crm.vtiger.GenericUtils.BaseClass.<init>(BaseClass.java:26)
at com.crm.vtiger.GenericUtils.WebDriverUtility.<init>(WebDriverUtility.java:29)
at com.crm.vtiger.GenericUtils.BaseClass.<init>(BaseClass.java:26)
at com.crm.vtiger.GenericUtils.WebDriverUtility.<init>(WebDriverUtility.java:29)
at com.crm.vtiger.GenericUtils.BaseClass.<init>(BaseClass.java:26)
at com.crm.vtiger.GenericUtils.WebDriverUtility.<init>(WebDriverUtility.java:29)
at com.crm.vtiger.GenericUtils.BaseClass.<init>(BaseClass.java:26)
at com.crm.vtiger.GenericUtils.WebDriverUtility.<init>(WebDriverUtility.java:29)
at com.crm.vtiger.GenericUtils.BaseClass.<init>(BaseClass.java:26)
at com.crm.vtiger.GenericUtils.WebDriverUtility.<init>(WebDriverUtility.java:29)
at com.crm.vtiger.GenericUtils.BaseClass.<init>(BaseClass.java:26)
at com.crm.vtiger.GenericUtils.WebDriverUtility.<init>(WebDriverUtility.java:29)
at com.crm.vtiger.GenericUtils.BaseClass.<init>(BaseClass.java:26)
at com.crm.vtiger.GenericUtils.WebDriverUtility.<init>(WebDriverUtility.java:29)
at com.crm.vtiger.GenericUtils.BaseClass.<init>(BaseClass.java:26)
at com.crm.vtiger.GenericUtils.WebDriverUtility.<init>(WebDriverUtility.java:29)
at com.crm.vtiger.GenericUtils.BaseClass.<init>(BaseClass.java:26)
at com.crm.vtiger.GenericUtils.WebDriverUtility.<init>(WebDriverUtility.java:29)
at com.crm.vtiger.GenericUtils.BaseClass.<init>(BaseClass.java:26)
at com.crm.vtiger.GenericUtils.WebDriverUtility.<init>(WebDriverUtility.java:29)
at com.crm.vtiger.GenericUtils.BaseClass.<init>(BaseClass.java:26)
at com.crm.vtiger.GenericUtils.WebDriverUtility.<init>(WebDriverUtility.java:29)
at com.crm.vtiger.GenericUtils.BaseClass.<init>(BaseClass.java:26)
at com.crm.vtiger.GenericUtils.WebDriverUtility.<init>(WebDriverUtility.java:29)
at com.crm.vtiger.GenericUtils.BaseClass.<init>(BaseClass.java:26)
at com.crm.vtiger.GenericUtils.WebDriverUtility.<init>(WebDriverUtility.java:29)
at com.crm.vtiger.GenericUtils.BaseClass.<init>(BaseClass.java:26)
at com.crm.vtiger.GenericUtils.WebDriverUtility.<init>(WebDriverUtility.java:29)
at com.crm.vtiger.GenericUtils.BaseClass.<init>(BaseClass.java:26)
at com.crm.vtiger.GenericUtils.WebDriverUtility.<init>(WebDriverUtility.java:29)
at com.crm.vtiger.GenericUtils.BaseClass.<init>(BaseClass.java:26)
at com.crm.vtiger.GenericUtils.WebDriverUtility.<init>(WebDriverUtility.java:29)
at com.crm.vtiger.GenericUtils.BaseClass.<init>(BaseClass.java:26)
at com.crm.vtiger.GenericUtils.WebDriverUtility.<init>(WebDriverUtility.java:29)
at com.crm.vtiger.GenericUtils.BaseClass.<init>(BaseClass.java:26)
at com.crm.vtiger.GenericUtils.WebDriverUtility.<init>(WebDriverUtility.java:29)
at com.crm.vtiger.GenericUtils.BaseClass.<init>(BaseClass.java:26)
at com.crm.vtiger.GenericUtils.WebDriverUtility.<init>(WebDriverUtility.java:29)
at com.crm.vtiger.GenericUtils.BaseClass.<init>(BaseClass.java:26)
at com.crm.vtiger.GenericUtils.WebDriverUtility.<init>(WebDriverUtility.java:29)
at com.crm.vtiger.GenericUtils.BaseClass.<init>(BaseClass.java:26)
at com.crm.vtiger.GenericUtils.WebDriverUtility.<init>(WebDriverUtility.java:29)
at com.crm.vtiger.GenericUtils.BaseClass.<init>(BaseClass.java:26)
at com.crm.vtiger.GenericUtils.WebDriverUtility.<init>(WebDriverUtility.java:29)
at com.crm.vtiger.GenericUtils.BaseClass.<init>(BaseClass.java:26)
at com.crm.vtiger.GenericUtils.WebDriverUtility.<init>(WebDriverUtility.java:29)
at com.crm.vtiger.GenericUtils.BaseClass.<init>(BaseClass.java:26)
at com.crm.vtiger.GenericUtils.WebDriverUtility.<init>(WebDriverUtility.java:29)
at com.crm.vtiger.GenericUtils.BaseClass.<init>(BaseClass.java:26)
at com.crm.vtiger.GenericUtils.WebDriverUtility.<init>(WebDriverUtility.java:29)
at com.crm.vtiger.GenericUtils.BaseClass.<init>(BaseClass.java:26)
at com.crm.vtiger.GenericUtils.WebDriverUtility.<init>(WebDriverUtility.java:29)
at com.crm.vtiger.GenericUtils.BaseClass.<init>(BaseClass.java:26)
at com.crm.vtiger.GenericUtils.WebDriverUtility.<init>(WebDriverUtility.java:29)
at com.crm.vtiger.GenericUtils.BaseClass.<init>(BaseClass.java:26)
at com.crm.vtiger.GenericUtils.WebDriverUtility.<init>(WebDriverUtility.java:29)
at com.crm.vtiger.GenericUtils.BaseClass.<init>(BaseClass.java:26)
at com.crm.vtiger.GenericUtils.WebDriverUtility.<init>(WebDriverUtility.java:29)
at com.crm.vtiger.GenericUtils.BaseClass.<init>(BaseClass.java:26)
at com.crm.vtiger.GenericUtils.WebDriverUtility.<init>(WebDriverUtility.java:29)
at com.crm.vtiger.GenericUtils.BaseClass.<init>(BaseClass.java:26)
at com.crm.vtiger.GenericUtils.WebDriverUtility.<init>(WebDriverUtility.java:29)
at com.crm.vtiger.GenericUtils.BaseClass.<init>(BaseClass.java:26)
at com.crm.vtiger.GenericUtils.WebDriverUtility.<init>(WebDriverUtility.java:29)
at com.crm.vtiger.GenericUtils.BaseClass.<init>(BaseClass.java:26)
at com.crm.vtiger.GenericUtils.WebDriverUtility.<init>(WebDriverUtility.java:29)
at com.crm.vtiger.GenericUtils.BaseClass.<init>(BaseClass.java:26)
at com.crm.vtiger.GenericUtils.WebDriverUtility.<init>(WebDriverUtility.java:29)
at com.crm.vtiger.GenericUtils.BaseClass.<init>(BaseClass.java:26)
at com.crm.vtiger.GenericUtils.WebDriverUtility.<init>(WebDriverUtility.java:29)
at com.crm.vtiger.GenericUtils.BaseClass.<init>(BaseClass.java:26)
at com.crm.vtiger.GenericUtils.WebDriverUtility.<init>(WebDriverUtility.java:29)
at com.crm.vtiger.GenericUtils.BaseClass.<init>(BaseClass.java:26)
at com.crm.vtiger.GenericUtils.WebDriverUtility.<init>(WebDriverUtility.java:29)
at com.crm.vtiger.GenericUtils.BaseClass.<init>(BaseClass.java:26)
at com.crm.vtiger.GenericUtils.WebDriverUtility.<init>(WebDriverUtility.java:29)
at com.crm.vtiger.GenericUtils.BaseClass.<init>(BaseClass.java:26)
at com.crm.vtiger.GenericUtils.WebDriverUtility.<init>(WebDriverUtility.java:29)
at com.crm.vtiger.GenericUtils.BaseClass.<init>(BaseClass.java:26)
at com.crm.vtiger.GenericUtils.WebDriverUtility.<init>(WebDriverUtility.java:29)
at com.crm.vtiger.GenericUtils.BaseClass.<init>(BaseClass.java:26)
at com.crm.vtiger.GenericUtils.WebDriverUtility.<init>(WebDriverUtility.java:29)
at com.crm.vtiger.GenericUtils.BaseClass.<init>(BaseClass.java:26)
at com.crm.vtiger.GenericUtils.WebDriverUtility.<init>(WebDriverUtility.java:29)
at com.crm.vtiger.GenericUtils.BaseClass.<init>(BaseClass.java:26)
at com.crm.vtiger.GenericUtils.WebDriverUtility.<init>(WebDriverUtility.java:29)
at com.crm.vtiger.GenericUtils.BaseClass.<init>(BaseClass.java:26)
at com.crm.vtiger.GenericUtils.WebDriverUtility.<init>(WebDriverUtility.java:29)
at com.crm.vtiger.GenericUtils.BaseClass.<init>(BaseClass.java:26)
at com.crm.vtiger.GenericUtils.WebDriverUtility.<init>(WebDriverUtility.java:29)
at com.crm.vtiger.GenericUtils.BaseClass.<init>(BaseClass.java:26)
at com.crm.vtiger.GenericUtils.WebDriverUtility.<init>(WebDriverUtility.java:29)
at com.crm.vtiger.GenericUtils.BaseClass.<init>(BaseClass.java:26)
at com.crm.vtiger.GenericUtils.WebDriverUtility.<init>(WebDriverUtility.java:29)
at com.crm.vtiger.GenericUtils.BaseClass.<init>(BaseClass.java:26)
at com.crm.vtiger.GenericUtils.WebDriverUtility.<init>(WebDriverUtility.java:29)
at com.crm.vtiger.GenericUtils.BaseClass.<init>(BaseClass.java:26)
at com.crm.vtiger.GenericUtils.WebDriverUtility.<init>(WebDriverUtility.java:29)
at com.crm.vtiger.GenericUtils.BaseClass.<init>(BaseClass.java:26)
at com.crm.vtiger.GenericUtils.WebDriverUtility.<init>(WebDriverUtility.java:29)
at com.crm.vtiger.GenericUtils.BaseClass.<init>(BaseClass.java:26)
at com.crm.vtiger.GenericUtils.WebDriverUtility.<init>(WebDriverUtility.java:29)
at com.crm.vtiger.GenericUtils.BaseClass.<init>(BaseClass.java:26)
at com.crm.vtiger.GenericUtils.WebDriverUtility.<init>(WebDriverUtility.java:29)
at com.crm.vtiger.GenericUtils.BaseClass.<init>(BaseClass.java:26)
at com.crm.vtiger.GenericUtils.WebDriverUtility.<init>(WebDriverUtility.java:29)
at com.crm.vtiger.GenericUtils.BaseClass.<init>(BaseClass.java:26)
at com.crm.vtiger.GenericUtils.WebDriverUtility.<init>(WebDriverUtility.java:29)
at com.crm.vtiger.GenericUtils.BaseClass.<init>(BaseClass.java:26)
at com.crm.vtiger.GenericUtils.WebDriverUtility.<init>(WebDriverUtility.java:29)
at com.crm.vtiger.GenericUtils.BaseClass.<init>(BaseClass.java:26)
at com.crm.vtiger.GenericUtils.WebDriverUtility.<init>(WebDriverUtility.java:29)
at com.crm.vtiger.GenericUtils.BaseClass.<init>(BaseClass.java:26)
at com.crm.vtiger.GenericUtils.WebDriverUtility.<init>(WebDriverUtility.java:29)
at com.crm.vtiger.GenericUtils.BaseClass.<init>(BaseClass.java:26)
at com.crm.vtiger.GenericUtils.WebDriverUtility.<init>(WebDriverUtility.java:29)
at com.crm.vtiger.GenericUtils.BaseClass.<init>(BaseClass.java:26)
at com.crm.vtiger.GenericUtils.WebDriverUtility.<init>(WebDriverUtility.java:29)
at com.crm.vtiger.GenericUtils.BaseClass.<init>(BaseClass.java:26)
at com.crm.vtiger.GenericUtils.WebDriverUtility.<init>(WebDriverUtility.java:29)
at com.crm.vtiger.GenericUtils.BaseClass.<init>(BaseClass.java:26)
at com.crm.vtiger.GenericUtils.WebDriverUtility.<init>(WebDriverUtility.java:29)
at com.crm.vtiger.GenericUtils.BaseClass.<init>(BaseClass.java:26)
at com.crm.vtiger.GenericUtils.WebDriverUtility.<init>(WebDriverUtility.java:29)
at com.crm.vtiger.GenericUtils.BaseClass.<init>(BaseClass.java:26)
at com.crm.vtiger.GenericUtils.WebDriverUtility.<init>(WebDriverUtility.java:29)
at com.crm.vtiger.GenericUtils.BaseClass.<init>(BaseClass.java:26)
at com.crm.vtiger.GenericUtils.WebDriverUtility.<init>(WebDriverUtility.java:29)
at com.crm.vtiger.GenericUtils.BaseClass.<init>(BaseClass.java:26)
at com.crm.vtiger.GenericUtils.WebDriverUtility.<init>(WebDriverUtility.java:29)
at com.crm.vtiger.GenericUtils.BaseClass.<init>(BaseClass.java:26)
at com.crm.vtiger.GenericUtils.WebDriverUtility.<init>(WebDriverUtility.java:29)
at com.crm.vtiger.GenericUtils.BaseClass.<init>(BaseClass.java:26)
at com.crm.vtiger.GenericUtils.WebDriverUtility.<init>(WebDriverUtility.java:29)
at com.crm.vtiger.GenericUtils.BaseClass.<init>(BaseClass.java:26)
at com.crm.vtiger.GenericUtils.WebDriverUtility.<init>(WebDriverUtility.java:29)
at com.crm.vtiger.GenericUtils.BaseClass.<init>(BaseClass.java:26)
at com.crm.vtiger.GenericUtils.WebDriverUtility.<init>(WebDriverUtility.java:29)
at com.crm.vtiger.GenericUtils.BaseClass.<init>(BaseClass.java:26)
at com.crm.vtiger.GenericUtils.WebDriverUtility.<init>(WebDriverUtility.java:29)
at com.crm.vtiger.GenericUtils.BaseClass.<init>(BaseClass.java:26)
at com.crm.vtiger.GenericUtils.WebDriverUtility.<init>(WebDriverUtility.java:29)
at com.crm.vtiger.GenericUtils.BaseClass.<init>(BaseClass.java:26)
at com.crm.vtiger.GenericUtils.WebDriverUtility.<init>(WebDriverUtility.java:29)
at com.crm.vtiger.GenericUtils.BaseClass.<init>(BaseClass.java:26)
at com.crm.vtiger.GenericUtils.WebDriverUtility.<init>(WebDriverUtility.java:29)
at com.crm.vtiger.GenericUtils.BaseClass.<init>(BaseClass.java:26)
at com.crm.vtiger.GenericUtils.WebDriverUtility.<init>(WebDriverUtility.java:29)
at com.crm.vtiger.GenericUtils.BaseClass.<init>(BaseClass.java:26)
at com.crm.vtiger.GenericUtils.WebDriverUtility.<init>(WebDriverUtility.java:29)
at com.crm.vtiger.GenericUtils.BaseClass.<init>(BaseClass.java:26)
at com.crm.vtiger.GenericUtils.WebDriverUtility.<init>(WebDriverUtility.java:29)
at com.crm.vtiger.GenericUtils.BaseClass.<init>(BaseClass.java:26)
at com.crm.vtiger.GenericUtils.WebDriverUtility.<init>(WebDriverUtility.java:29)
at com.crm.vtiger.GenericUtils.BaseClass.<init>(BaseClass.java:26)
at com.crm.vtiger.GenericUtils.WebDriverUtility.<init>(WebDriverUtility.java:29)
at com.crm.vtiger.GenericUtils.BaseClass.<init>(BaseClass.java:26)
at com.crm.vtiger.GenericUtils.WebDriverUtility.<init>(WebDriverUtility.java:29)
at com.crm.vtiger.GenericUtils.BaseClass.<init>(BaseClass.java:26)
at com.crm.vtiger.GenericUtils.WebDriverUtility.<init>(WebDriverUtility.java:29)
at com.crm.vtiger.GenericUtils.BaseClass.<init>(BaseClass.java:26)
at com.crm.vtiger.GenericUtils.WebDriverUtility.<init>(WebDriverUtility.java:29)
at com.crm.vtiger.GenericUtils.BaseClass.<init>(BaseClass.java:26)
at com.crm.vtiger.GenericUtils.WebDriverUtility.<init>(WebDriverUtility.java:29)
at com.crm.vtiger.GenericUtils.BaseClass.<init>(BaseClass.java:26)
at com.crm.vtiger.GenericUtils.WebDriverUtility.<init>(WebDriverUtility.java:29)
at com.crm.vtiger.GenericUtils.BaseClass.<init>(BaseClass.java:26)
at com.crm.vtiger.GenericUtils.WebDriverUtility.<init>(WebDriverUtility.java:29)
at com.crm.vtiger.GenericUtils.BaseClass.<init>(BaseClass.java:26)
at com.crm.vtiger.GenericUtils.WebDriverUtility.<init>(WebDriverUtility.java:29)
at com.crm.vtiger.GenericUtils.BaseClass.<init>(BaseClass.java:26)
at com.crm.vtiger.GenericUtils.WebDriverUtility.<init>(WebDriverUtility.java:29)
at com.crm.vtiger.GenericUtils.BaseClass.<init>(BaseClass.java:26)
at com.crm.vtiger.GenericUtils.WebDriverUtility.<init>(WebDriverUtility.java:29)
at com.crm.vtiger.GenericUtils.BaseClass.<init>(BaseClass.java:26)
at com.crm.vtiger.GenericUtils.WebDriverUtility.<init>(WebDriverUtility.java:29)
at com.crm.vtiger.GenericUtils.BaseClass.<init>(BaseClass.java:26)
at com.crm.vtiger.GenericUtils.WebDriverUtility.<init>(WebDriverUtility.java:29)
at com.crm.vtiger.GenericUtils.BaseClass.<init>(BaseClass.java:26)
at com.crm.vtiger.GenericUtils.WebDriverUtility.<init>(WebDriverUtility.java:29)
at com.crm.vtiger.GenericUtils.BaseClass.<init>(BaseClass.java:26)
at com.crm.vtiger.GenericUtils.WebDriverUtility.<init>(WebDriverUtility.java:29)
at com.crm.vtiger.GenericUtils.BaseClass.<init>(BaseClass.java:26)
at com.crm.vtiger.GenericUtils.WebDriverUtility.<init>(WebDriverUtility.java:29)
at com.crm.vtiger.GenericUtils.BaseClass.<init>(BaseClass.java:26)
at com.crm.vtiger.GenericUtils.WebDriverUtility.<init>(WebDriverUtility.java:29)
at com.crm.vtiger.GenericUtils.BaseClass.<init>(BaseClass.java:26)
at com.crm.vtiger.GenericUtils.WebDriverUtility.<init>(WebDriverUtility.java:29)
at com.crm.vtiger.GenericUtils.BaseClass.<init>(BaseClass.java:26)
at com.crm.vtiger.GenericUtils.WebDriverUtility.<init>(WebDriverUtility.java:29)
at com.crm.vtiger.GenericUtils.BaseClass.<init>(BaseClass.java:26)
at com.crm.vtiger.GenericUtils.WebDriverUtility.<init>(WebDriverUtility.java:29)
at com.crm.vtiger.GenericUtils.BaseClass.<init>(BaseClass.java:26)
at com.crm.vtiger.GenericUtils.WebDriverUtility.<init>(WebDriverUtility.java:29)
at com.crm.vtiger.GenericUtils.BaseClass.<init>(BaseClass.java:26)
at com.crm.vtiger.GenericUtils.WebDriverUtility.<init>(WebDriverUtility.java:29)
at com.crm.vtiger.GenericUtils.BaseClass.<init>(BaseClass.java:26)
at com.crm.vtiger.GenericUtils.WebDriverUtility.<init>(WebDriverUtility.java:29)
at com.crm.vtiger.GenericUtils.BaseClass.<init>(BaseClass.java:26)
at com.crm.vtiger.GenericUtils.WebDriverUtility.<init>(WebDriverUtility.java:29)
at com.crm.vtiger.GenericUtils.BaseClass.<init>(BaseClass.java:26)
at com.crm.vtiger.GenericUtils.WebDriverUtility.<init>(WebDriverUtility.java:29)
at com.crm.vtiger.GenericUtils.BaseClass.<init>(BaseClass.java:26)
at com.crm.vtiger.GenericUtils.WebDriverUtility.<init>(WebDriverUtility.java:29)
at com.crm.vtiger.GenericUtils.BaseClass.<init>(BaseClass.java:26)
at com.crm.vtiger.GenericUtils.WebDriverUtility.<init>(WebDriverUtility.java:29)
at com.crm.vtiger.GenericUtils.BaseClass.<init>(BaseClass.java:26)
at com.crm.vtiger.GenericUtils.WebDriverUtility.<init>(WebDriverUtility.java:29)
at com.crm.vtiger.GenericUtils.BaseClass.<init>(BaseClass.java:26)
at com.crm.vtiger.GenericUtils.WebDriverUtility.<init>(WebDriverUtility.java:29)
at com.crm.vtiger.GenericUtils.BaseClass.<init>(BaseClass.java:26)
at com.crm.vtiger.GenericUtils.WebDriverUtility.<init>(WebDriverUtility.java:29)
at com.crm.vtiger.GenericUtils.BaseClass.<init>(BaseClass.java:26)
at com.crm.vtiger.GenericUtils.WebDriverUtility.<init>(WebDriverUtility.java:29)
at com.crm.vtiger.GenericUtils.BaseClass.<init>(BaseClass.java:26)
at com.crm.vtiger.GenericUtils.WebDriverUtility.<init>(WebDriverUtility.java:29)
at com.crm.vtiger.GenericUtils.BaseClass.<init>(BaseClass.java:26)
at com.crm.vtiger.GenericUtils.WebDriverUtility.<init>(WebDriverUtility.java:29)
at com.crm.vtiger.GenericUtils.BaseClass.<init>(BaseClass.java:26)
at com.crm.vtiger.GenericUtils.WebDriverUtility.<init>(WebDriverUtility.java:29)
at com.crm.vtiger.GenericUtils.BaseClass.<init>(BaseClass.java:26)
at com.crm.vtiger.GenericUtils.WebDriverUtility.<init>(WebDriverUtility.java:29)
at com.crm.vtiger.GenericUtils.BaseClass.<init>(BaseClass.java:26)
at com.crm.vtiger.GenericUtils.WebDriverUtility.<init>(WebDriverUtility.java:29)
at com.crm.vtiger.GenericUtils.BaseClass.<init>(BaseClass.java:26)
at com.crm.vtiger.GenericUtils.WebDriverUtility.<init>(WebDriverUtility.java:29)
at com.crm.vtiger.GenericUtils.BaseClass.<init>(BaseClass.java:26)
at com.crm.vtiger.GenericUtils.WebDriverUtility.<init>(WebDriverUtility.java:29)
at com.crm.vtiger.GenericUtils.BaseClass.<init>(BaseClass.java:26)
at com.crm.vtiger.GenericUtils.WebDriverUtility.<init>(WebDriverUtility.java:29)
at com.crm.vtiger.GenericUtils.BaseClass.<init>(BaseClass.java:26)
at com.crm.vtiger.GenericUtils.WebDriverUtility.<init>(WebDriverUtility.java:29)
at com.crm.vtiger.GenericUtils.BaseClass.<init>(BaseClass.java:26)
at com.crm.vtiger.GenericUtils.WebDriverUtility.<init>(WebDriverUtility.java:29)
at com.crm.vtiger.GenericUtils.BaseClass.<init>(BaseClass.java:26)
at com.crm.vtiger.GenericUtils.WebDriverUtility.<init>(WebDriverUtility.java:29)
at com.crm.vtiger.GenericUtils.BaseClass.<init>(BaseClass.java:26)
at com.crm.vtiger.GenericUtils.WebDriverUtility.<init>(WebDriverUtility.java:29)
at com.crm.vtiger.GenericUtils.BaseClass.<init>(BaseClass.java:26)
at com.crm.vtiger.GenericUtils.WebDriverUtility.<init>(WebDriverUtility.java:29)
at com.crm.vtiger.GenericUtils.BaseClass.<init>(BaseClass.java:26)
at com.crm.vtiger.GenericUtils.WebDriverUtility.<init>(WebDriverUtility.java:29)
at com.crm.vtiger.GenericUtils.BaseClass.<init>(BaseClass.java:26)
at com.crm.vtiger.GenericUtils.WebDriverUtility.<init>(WebDriverUtility.java:29)
at com.crm.vtiger.GenericUtils.BaseClass.<init>(BaseClass.java:26)
at com.crm.vtiger.GenericUtils.WebDriverUtility.<init>(WebDriverUtility.java:29)
at com.crm.vtiger.GenericUtils.BaseClass.<init>(BaseClass.java:26)
at com.crm.vtiger.GenericUtils.WebDriverUtility.<init>(WebDriverUtility.java:29)
at com.crm.vtiger.GenericUtils.BaseClass.<init>(BaseClass.java:26)
at com.crm.vtiger.GenericUtils.WebDriverUtility.<init>(WebDriverUtility.java:29)
at com.crm.vtiger.GenericUtils.BaseClass.<init>(BaseClass.java:26)
at com.crm.vtiger.GenericUtils.WebDriverUtility.<init>(WebDriverUtility.java:29)
at com.crm.vtiger.GenericUtils.BaseClass.<init>(BaseClass.java:26)
at com.crm.vtiger.GenericUtils.WebDriverUtility.<init>(WebDriverUtility.java:29)
at com.crm.vtiger.GenericUtils.BaseClass.<init>(BaseClass.java:26)
at com.crm.vtiger.GenericUtils.WebDriverUtility.<init>(WebDriverUtility.java:29)
at com.crm.vtiger.GenericUtils.BaseClass.<init>(BaseClass.java:26)
at com.crm.vtiger.GenericUtils.WebDriverUtility.<init>(WebDriverUtility.java:29)
at com.crm.vtiger.GenericUtils.BaseClass.<init>(BaseClass.java:26)
at com.crm.vtiger.GenericUtils.WebDriverUtility.<init>(WebDriverUtility.java:29)
at com.crm.vtiger.GenericUtils.BaseClass.<init>(BaseClass.java:26)
at com.crm.vtiger.GenericUtils.WebDriverUtility.<init>(WebDriverUtility.java:29)
at com.crm.vtiger.GenericUtils.BaseClass.<init>(BaseClass.java:26)
at com.crm.vtiger.GenericUtils.WebDriverUtility.<init>(WebDriverUtility.java:29)
at com.crm.vtiger.GenericUtils.BaseClass.<init>(BaseClass.java:26)
at com.crm.vtiger.GenericUtils.WebDriverUtility.<init>(WebDriverUtility.java:29)
at com.crm.vtiger.GenericUtils.BaseClass.<init>(BaseClass.java:26)
at com.crm.vtiger.GenericUtils.WebDriverUtility.<init>(WebDriverUtility.java:29)
at com.crm.vtiger.GenericUtils.BaseClass.<init>(BaseClass.java:26)
at com.crm.vtiger.GenericUtils.WebDriverUtility.<init>(WebDriverUtility.java:29)
at com.crm.vtiger.GenericUtils.BaseClass.<init>(BaseClass.java:26)
at com.crm.vtiger.GenericUtils.WebDriverUtility.<init>(WebDriverUtility.java:29)
at com.crm.vtiger.GenericUtils.BaseClass.<init>(BaseClass.java:26)
at com.crm.vtiger.GenericUtils.WebDriverUtility.<init>(WebDriverUtility.java:29)
at com.crm.vtiger.GenericUtils.BaseClass.<init>(BaseClass.java:26)
at com.crm.vtiger.GenericUtils.WebDriverUtility.<init>(WebDriverUtility.java:29)
at com.crm.vtiger.GenericUtils.BaseClass.<init>(BaseClass.java:26)
at com.crm.vtiger.GenericUtils.WebDriverUtility.<init>(WebDriverUtility.java:29)
at com.crm.vtiger.GenericUtils.BaseClass.<init>(BaseClass.java:26)
at com.crm.vtiger.GenericUtils.WebDriverUtility.<init>(WebDriverUtility.java:29)
at com.crm.vtiger.GenericUtils.BaseClass.<init>(BaseClass.java:26)
at com.crm.vtiger.GenericUtils.WebDriverUtility.<init>(WebDriverUtility.java:29)
at com.crm.vtiger.GenericUtils.BaseClass.<init>(BaseClass.java:26)
at com.crm.vtiger.GenericUtils.WebDriverUtility.<init>(WebDriverUtility.java:29)
at com.crm.vtiger.GenericUtils.BaseClass.<init>(BaseClass.java:26)
at com.crm.vtiger.GenericUtils.WebDriverUtility.<init>(WebDriverUtility.java:29)
at com.crm.vtiger.GenericUtils.BaseClass.<init>(BaseClass.java:26)
at com.crm.vtiger.GenericUtils.WebDriverUtility.<init>(WebDriverUtility.java:29)
at com.crm.vtiger.GenericUtils.BaseClass.<init>(BaseClass.java:26)
at com.crm.vtiger.GenericUtils.WebDriverUtility.<init>(WebDriverUtility.java:29)
at com.crm.vtiger.GenericUtils.BaseClass.<init>(BaseClass.java:26)
at com.crm.vtiger.GenericUtils.WebDriverUtility.<init>(WebDriverUtility.java:29)
at com.crm.vtiger.GenericUtils.BaseClass.<init>(BaseClass.java:26)
at com.crm.vtiger.GenericUtils.WebDriverUtility.<init>(WebDriverUtility.java:29)
at com.crm.vtiger.GenericUtils.BaseClass.<init>(BaseClass.java:26)
at com.crm.vtiger.GenericUtils.WebDriverUtility.<init>(WebDriverUtility.java:29)
at com.crm.vtiger.GenericUtils.BaseClass.<init>(BaseClass.java:26)
at com.crm.vtiger.GenericUtils.WebDriverUtility.<init>(WebDriverUtility.java:29)
at com.crm.vtiger.GenericUtils.BaseClass.<init>(BaseClass.java:26)
at com.crm.vtiger.GenericUtils.WebDriverUtility.<init>(WebDriverUtility.java:29)
at com.crm.vtiger.GenericUtils.BaseClass.<init>(BaseClass.java:26)
at com.crm.vtiger.GenericUtils.WebDriverUtility.<init>(WebDriverUtility.java:29)
at com.crm.vtiger.GenericUtils.BaseClass.<init>(BaseClass.java:26)
at com.crm.vtiger.GenericUtils.WebDriverUtility.<init>(WebDriverUtility.java:29)
at com.crm.vtiger.GenericUtils.BaseClass.<init>(BaseClass.java:26)
at com.crm.vtiger.GenericUtils.WebDriverUtility.<init>(WebDriverUtility.java:29)
at com.crm.vtiger.GenericUtils.BaseClass.<init>(BaseClass.java:26)
at com.crm.vtiger.GenericUtils.WebDriverUtility.<init>(WebDriverUtility.java:29)
at com.crm.vtiger.GenericUtils.BaseClass.<init>(BaseClass.java:26)
at com.crm.vtiger.GenericUtils.WebDriverUtility.<init>(WebDriverUtility.java:29)
at com.crm.vtiger.GenericUtils.BaseClass.<init>(BaseClass.java:26)
at com.crm.vtiger.GenericUtils.WebDriverUtility.<init>(WebDriverUtility.java:29)
at com.crm.vtiger.GenericUtils.BaseClass.<init>(BaseClass.java:26)
at com.crm.vtiger.GenericUtils.WebDriverUtility.<init>(WebDriverUtility.java:29)
at com.crm.vtiger.GenericUtils.BaseClass.<init>(BaseClass.java:26)
at com.crm.vtiger.GenericUtils.WebDriverUtility.<init>(WebDriverUtility.java:29)
at com.crm.vtiger.GenericUtils.BaseClass.<init>(BaseClass.java:26)
at com.crm.vtiger.GenericUtils.WebDriverUtility.<init>(WebDriverUtility.java:29)
at com.crm.vtiger.GenericUtils.BaseClass.<init>(BaseClass.java:26)
at com.crm.vtiger.GenericUtils.WebDriverUtility.<init>(WebDriverUtility.java:29)
at com.crm.vtiger.GenericUtils.BaseClass.<init>(BaseClass.java:26)
at com.crm.vtiger.GenericUtils.WebDriverUtility.<init>(WebDriverUtility.java:29)
at com.crm.vtiger.GenericUtils.BaseClass.<init>(BaseClass.java:26)
at com.crm.vtiger.GenericUtils.WebDriverUtility.<init>(WebDriverUtility.java:29)
at com.crm.vtiger.GenericUtils.BaseClass.<init>(BaseClass.java:26)
at com.crm.vtiger.GenericUtils.WebDriverUtility.<init>(WebDriverUtility.java:29)
at com.crm.vtiger.GenericUtils.BaseClass.<init>(BaseClass.java:26)
at com.crm.vtiger.GenericUtils.WebDriverUtility.<init>(WebDriverUtility.java:29)
at com.crm.vtiger.GenericUtils.BaseClass.<init>(BaseClass.java:26)
at com.crm.vtiger.GenericUtils.WebDriverUtility.<init>(WebDriverUtility.java:29)
at com.crm.vtiger.GenericUtils.BaseClass.<init>(BaseClass.java:26)
at com.crm.vtiger.GenericUtils.WebDriverUtility.<init>(WebDriverUtility.java:29)
at com.crm.vtiger.GenericUtils.BaseClass.<init>(BaseClass.java:26)
at com.crm.vtiger.GenericUtils.WebDriverUtility.<init>(WebDriverUtility.java:29)
at com.crm.vtiger.GenericUtils.BaseClass.<init>(BaseClass.java:26)
at com.crm.vtiger.GenericUtils.WebDriverUtility.<init>(WebDriverUtility.java:29)
at com.crm.vtiger.GenericUtils.BaseClass.<init>(BaseClass.java:26)
at com.crm.vtiger.GenericUtils.WebDriverUtility.<init>(WebDriverUtility.java:29)
at com.crm.vtiger.GenericUtils.BaseClass.<init>(BaseClass.java:26)
at com.crm.vtiger.GenericUtils.WebDriverUtility.<init>(WebDriverUtility.java:29)
at com.crm.vtiger.GenericUtils.BaseClass.<init>(BaseClass.java:26)
at com.crm.vtiger.GenericUtils.WebDriverUtility.<init>(WebDriverUtility.java:29)
at com.crm.vtiger.GenericUtils.BaseClass.<init>(BaseClass.java:26)
at com.crm.vtiger.GenericUtils.WebDriverUtility.<init>(WebDriverUtility.java:29)
at com.crm.vtiger.GenericUtils.BaseClass.<init>(BaseClass.java:26)
at com.crm.vtiger.GenericUtils.WebDriverUtility.<init>(WebDriverUtility.java:29)
at com.crm.vtiger.GenericUtils.BaseClass.<init>(BaseClass.java:26)
at com.crm.vtiger.GenericUtils.WebDriverUtility.<init>(WebDriverUtility.java:29)
at com.crm.vtiger.GenericUtils.BaseClass.<init>(BaseClass.java:26)
at com.crm.vtiger.GenericUtils.WebDriverUtility.<init>(WebDriverUtility.java:29)
at com.crm.vtiger.GenericUtils.BaseClass.<init>(BaseClass.java:26)
at com.crm.vtiger.GenericUtils.WebDriverUtility.<init>(WebDriverUtility.java:29)
at com.crm.vtiger.GenericUtils.BaseClass.<init>(BaseClass.java:26)
at com.crm.vtiger.GenericUtils.WebDriverUtility.<init>(WebDriverUtility.java:29)
at com.crm.vtiger.GenericUtils.BaseClass.<init>(BaseClass.java:26)
at com.crm.vtiger.GenericUtils.WebDriverUtility.<init>(WebDriverUtility.java:29)
at com.crm.vtiger.GenericUtils.BaseClass.<init>(BaseClass.java:26)
at com.crm.vtiger.GenericUtils.WebDriverUtility.<init>(WebDriverUtility.java:29)
at com.crm.vtiger.GenericUtils.BaseClass.<init>(BaseClass.java:26)
at com.crm.vtiger.GenericUtils.WebDriverUtility.<init>(WebDriverUtility.java:29)
at com.crm.vtiger.GenericUtils.BaseClass.<init>(BaseClass.java:26)
at com.crm.vtiger.GenericUtils.WebDriverUtility.<init>(WebDriverUtility.java:29)
at com.crm.vtiger.GenericUtils.BaseClass.<init>(BaseClass.java:26)
at com.crm.vtiger.GenericUtils.WebDriverUtility.<init>(WebDriverUtility.java:29)
at com.crm.vtiger.GenericUtils.BaseClass.<init>(BaseClass.java:26)
at com.crm.vtiger.GenericUtils.WebDriverUtility.<init>(WebDriverUtility.java:29)
at com.crm.vtiger.GenericUtils.BaseClass.<init>(BaseClass.java:26)
at com.crm.vtiger.GenericUtils.WebDriverUtility.<init>(WebDriverUtility.java:29)
at com.crm.vtiger.GenericUtils.BaseClass.<init>(BaseClass.java:26)
at com.crm.vtiger.GenericUtils.WebDriverUtility.<init>(WebDriverUtility.java:29)
at com.crm.vtiger.GenericUtils.BaseClass.<init>(BaseClass.java:26)
at com.crm.vtiger.GenericUtils.WebDriverUtility.<init>(WebDriverUtility.java:29)
at com.crm.vtiger.GenericUtils.BaseClass.<init>(BaseClass.java:26)
at com.crm.vtiger.GenericUtils.WebDriverUtility.<init>(WebDriverUtility.java:29)
at com.crm.vtiger.GenericUtils.BaseClass.<init>(BaseClass.java:26)
at com.crm.vtiger.GenericUtils.WebDriverUtility.<init>(WebDriverUtility.java:29)
at com.crm.vtiger.GenericUtils.BaseClass.<init>(BaseClass.java:26)
at com.crm.vtiger.GenericUtils.WebDriverUtility.<init>(WebDriverUtility.java:29)
at com.crm.vtiger.GenericUtils.BaseClass.<init>(BaseClass.java:26)
at com.crm.vtiger.GenericUtils.WebDriverUtility.<init>(WebDriverUtility.java:29)
at com.crm.vtiger.GenericUtils.BaseClass.<init>(BaseClass.java:26)
at com.crm.vtiger.GenericUtils.WebDriverUtility.<init>(WebDriverUtility.java:29)
at com.crm.vtiger.GenericUtils.BaseClass.<init>(BaseClass.java:26)
at com.crm.vtiger.GenericUtils.WebDriverUtility.<init>(WebDriverUtility.java:29)
at com.crm.vtiger.GenericUtils.BaseClass.<init>(BaseClass.java:26)
at com.crm.vtiger.GenericUtils.WebDriverUtility.<init>(WebDriverUtility.java:29)
at com.crm.vtiger.GenericUtils.BaseClass.<init>(BaseClass.java:26)
at com.crm.vtiger.GenericUtils.WebDriverUtility.<init>(WebDriverUtility.java:29)
at com.crm.vtiger.GenericUtils.BaseClass.<init>(BaseClass.java:26)
at com.crm.vtiger.GenericUtils.WebDriverUtility.<init>(WebDriverUtility.java:29)
at com.crm.vtiger.GenericUtils.BaseClass.<init>(BaseClass.java:26)
at com.crm.vtiger.GenericUtils.WebDriverUtility.<init>(WebDriverUtility.java:29)
at com.crm.vtiger.GenericUtils.BaseClass.<init>(BaseClass.java:26)
at com.crm.vtiger.GenericUtils.WebDriverUtility.<init>(WebDriverUtility.java:29)
at com.crm.vtiger.GenericUtils.BaseClass.<init>(BaseClass.java:26)
at com.crm.vtiger.GenericUtils.WebDriverUtility.<init>(WebDriverUtility.java:29)
at com.crm.vtiger.GenericUtils.BaseClass.<init>(BaseClass.java:26)
at com.crm.vtiger.GenericUtils.WebDriverUtility.<init>(WebDriverUtility.java:29)
at com.crm.vtiger.GenericUtils.BaseClass.<init>(BaseClass.java:26)
at com.crm.vtiger.GenericUtils.WebDriverUtility.<init>(WebDriverUtility.java:29)
at com.crm.vtiger.GenericUtils.BaseClass.<init>(BaseClass.java:26)
at com.crm.vtiger.GenericUtils.WebDriverUtility.<init>(WebDriverUtility.java:29)
at com.crm.vtiger.GenericUtils.BaseClass.<init>(BaseClass.java:26)
at com.crm.vtiger.GenericUtils.WebDriverUtility.<init>(WebDriverUtility.java:29)
at com.crm.vtiger.GenericUtils.BaseClass.<init>(BaseClass.java:26)
at com.crm.vtiger.GenericUtils.WebDriverUtility.<init>(WebDriverUtility.java:29)
at com.crm.vtiger.GenericUtils.BaseClass.<init>(BaseClass.java:26)
at com.crm.vtiger.GenericUtils.WebDriverUtility.<init>(WebDriverUtility.java:29)
at com.crm.vtiger.GenericUtils.BaseClass.<init>(BaseClass.java:26)
at com.crm.vtiger.GenericUtils.WebDriverUtility.<init>(WebDriverUtility.java:29)
at com.crm.vtiger.GenericUtils.BaseClass.<init>(BaseClass.java:26)
at com.crm.vtiger.GenericUtils.WebDriverUtility.<init>(WebDriverUtility.java:29)
at com.crm.vtiger.GenericUtils.BaseClass.<init>(BaseClass.java:26)
at com.crm.vtiger.GenericUtils.WebDriverUtility.<init>(WebDriverUtility.java:29)
at com.crm.vtiger.GenericUtils.BaseClass.<init>(BaseClass.java:26)
at com.crm.vtiger.GenericUtils.WebDriverUtility.<init>(WebDriverUtility.java:29)
at com.crm.vtiger.GenericUtils.BaseClass.<init>(BaseClass.java:26)
at com.crm.vtiger.GenericUtils.WebDriverUtility.<init>(WebDriverUtility.java:29)
at com.crm.vtiger.GenericUtils.BaseClass.<init>(BaseClass.java:26)
at com.crm.vtiger.GenericUtils.WebDriverUtility.<init>(WebDriverUtility.java:29)
at com.crm.vtiger.GenericUtils.BaseClass.<init>(BaseClass.java:26)
at com.crm.vtiger.GenericUtils.WebDriverUtility.<init>(WebDriverUtility.java:29)
at com.crm.vtiger.GenericUtils.BaseClass.<init>(BaseClass.java:26)
at com.crm.vtiger.GenericUtils.WebDriverUtility.<init>(WebDriverUtility.java:29)
at com.crm.vtiger.GenericUtils.BaseClass.<init>(BaseClass.java:26)
at com.crm.vtiger.GenericUtils.WebDriverUtility.<init>(WebDriverUtility.java:29)
at com.crm.vtiger.GenericUtils.BaseClass.<init>(BaseClass.java:26)
at com.crm.vtiger.GenericUtils.WebDriverUtility.<init>(WebDriverUtility.java:29)
at com.crm.vtiger.GenericUtils.BaseClass.<init>(BaseClass.java:26)
at com.crm.vtiger.GenericUtils.WebDriverUtility.<init>(WebDriverUtility.java:29)
at com.crm.vtiger.GenericUtils.BaseClass.<init>(BaseClass.java:26)
at com.crm.vtiger.GenericUtils.WebDriverUtility.<init>(WebDriverUtility.java:29)
at com.crm.vtiger.GenericUtils.BaseClass.<init>(BaseClass.java:26)
at com.crm.vtiger.GenericUtils.WebDriverUtility.<init>(WebDriverUtility.java:29)
at com.crm.vtiger.GenericUtils.BaseClass.<init>(BaseClass.java:26)
at com.crm.vtiger.GenericUtils.WebDriverUtility.<init>(WebDriverUtility.java:29)
at com.crm.vtiger.GenericUtils.BaseClass.<init>(BaseClass.java:26)
at com.crm.vtiger.GenericUtils.WebDriverUtility.<init>(WebDriverUtility.java:29)
at com.crm.vtiger.GenericUtils.BaseClass.<init>(BaseClass.java:26)
at com.crm.vtiger.GenericUtils.WebDriverUtility.<init>(WebDriverUtility.java:29)
at com.crm.vtiger.GenericUtils.BaseClass.<init>(BaseClass.java:26)
at com.crm.vtiger.GenericUtils.WebDriverUtility.<init>(WebDriverUtility.java:29)
at com.crm.vtiger.GenericUtils.BaseClass.<init>(BaseClass.java:26)
at com.crm.vtiger.GenericUtils.WebDriverUtility.<init>(WebDriverUtility.java:29)
at com.crm.vtiger.GenericUtils.BaseClass.<init>(BaseClass.java:26)
at com.crm.vtiger.GenericUtils.WebDriverUtility.<init>(WebDriverUtility.java:29)
at com.crm.vtiger.GenericUtils.BaseClass.<init>(BaseClass.java:26)
at com.crm.vtiger.GenericUtils.WebDriverUtility.<init>(WebDriverUtility.java:29)
at com.crm.vtiger.GenericUtils.BaseClass.<init>(BaseClass.java:26)
at com.crm.vtiger.GenericUtils.WebDriverUtility.<init>(WebDriverUtility.java:29)
at com.crm.vtiger.GenericUtils.BaseClass.<init>(BaseClass.java:26)
at com.crm.vtiger.GenericUtils.WebDriverUtility.<init>(WebDriverUtility.java:29)
at com.crm.vtiger.GenericUtils.BaseClass.<init>(BaseClass.java:26)
at com.crm.vtiger.GenericUtils.WebDriverUtility.<init>(WebDriverUtility.java:29)
at com.crm.vtiger.GenericUtils.BaseClass.<init>(BaseClass.java:26)
at com.crm.vtiger.GenericUtils.WebDriverUtility.<init>(WebDriverUtility.java:29)
at com.crm.vtiger.GenericUtils.BaseClass.<init>(BaseClass.java:26)
at com.crm.vtiger.GenericUtils.WebDriverUtility.<init>(WebDriverUtility.java:29)
at com.crm.vtiger.GenericUtils.BaseClass.<init>(BaseClass.java:26)
at com.crm.vtiger.GenericUtils.WebDriverUtility.<init>(WebDriverUtility.java:29)
at com.crm.vtiger.GenericUtils.BaseClass.<init>(BaseClass.java:26)
at com.crm.vtiger.GenericUtils.WebDriverUtility.<init>(WebDriverUtility.java:29)
at com.crm.vtiger.GenericUtils.BaseClass.<init>(BaseClass.java:26)
at com.crm.vtiger.GenericUtils.WebDriverUtility.<init>(WebDriverUtility.java:29)
at com.crm.vtiger.GenericUtils.BaseClass.<init>(BaseClass.java:26)
at com.crm.vtiger.GenericUtils.WebDriverUtility.<init>(WebDriverUtility.java:29)
at com.crm.vtiger.GenericUtils.BaseClass.<init>(BaseClass.java:26)
at com.crm.vtiger.GenericUtils.WebDriverUtility.<init>(WebDriverUtility.java:29)
at com.crm.vtiger.GenericUtils.BaseClass.<init>(BaseClass.java:26)
at com.crm.vtiger.GenericUtils.WebDriverUtility.<init>(WebDriverUtility.java:29)
at com.crm.vtiger.GenericUtils.BaseClass.<init>(BaseClass.java:26)
at com.crm.vtiger.GenericUtils.WebDriverUtility.<init>(WebDriverUtility.java:29)
at com.crm.vtiger.GenericUtils.BaseClass.<init>(BaseClass.java:26)
at com.crm.vtiger.GenericUtils.WebDriverUtility.<init>(WebDriverUtility.java:29)
at com.crm.vtiger.GenericUtils.BaseClass.<init>(BaseClass.java:26)
at com.crm.vtiger.GenericUtils.WebDriverUtility.<init>(WebDriverUtility.java:29)
at com.crm.vtiger.GenericUtils.BaseClass.<init>(BaseClass.java:26)
at com.crm.vtiger.GenericUtils.WebDriverUtility.<init>(WebDriverUtility.java:29)
at com.crm.vtiger.GenericUtils.BaseClass.<init>(BaseClass.java:26)
at com.crm.vtiger.GenericUtils.WebDriverUtility.<init>(WebDriverUtility.java:29)
at com.crm.vtiger.GenericUtils.BaseClass.<init>(BaseClass.java:26)
at com.crm.vtiger.GenericUtils.WebDriverUtility.<init>(WebDriverUtility.java:29)
at com.crm.vtiger.GenericUtils.BaseClass.<init>(BaseClass.java:26)
at com.crm.vtiger.GenericUtils.WebDriverUtility.<init>(WebDriverUtility.java:29)
at com.crm.vtiger.GenericUtils.BaseClass.<init>(BaseClass.java:26)
at com.crm.vtiger.GenericUtils.WebDriverUtility.<init>(WebDriverUtility.java:29)
at com.crm.vtiger.GenericUtils.BaseClass.<init>(BaseClass.java:26)
at com.crm.vtiger.GenericUtils.WebDriverUtility.<init>(WebDriverUtility.java:29)
at com.crm.vtiger.GenericUtils.BaseClass.<init>(BaseClass.java:26)
at com.crm.vtiger.GenericUtils.WebDriverUtility.<init>(WebDriverUtility.java:29)
at com.crm.vtiger.GenericUtils.BaseClass.<init>(BaseClass.java:26)
at com.crm.vtiger.GenericUtils.WebDriverUtility.<init>(WebDriverUtility.java:29)
at com.crm.vtiger.GenericUtils.BaseClass.<init>(BaseClass.java:26)
at com.crm.vtiger.GenericUtils.WebDriverUtility.<init>(WebDriverUtility.java:29)
at com.crm.vtiger.GenericUtils.BaseClass.<init>(BaseClass.java:26)
at com.crm.vtiger.GenericUtils.WebDriverUtility.<init>(WebDriverUtility.java:29)
at com.crm.vtiger.GenericUtils.BaseClass.<init>(BaseClass.java:26)
at com.crm.vtiger.GenericUtils.WebDriverUtility.<init>(WebDriverUtility.java:29)
at com.crm.vtiger.GenericUtils.BaseClass.<init>(BaseClass.java:26)
at com.crm.vtiger.GenericUtils.WebDriverUtility.<init>(WebDriverUtility.java:29)
at com.crm.vtiger.GenericUtils.BaseClass.<init>(BaseClass.java:26)
at com.crm.vtiger.GenericUtils.WebDriverUtility.<init>(WebDriverUtility.java:29)
at com.crm.vtiger.GenericUtils.BaseClass.<init>(BaseClass.java:26)
at com.crm.vtiger.GenericUtils.WebDriverUtility.<init>(WebDriverUtility.java:29)
at com.crm.vtiger.GenericUtils.BaseClass.<init>(BaseClass.java:26)
at com.crm.vtiger.GenericUtils.WebDriverUtility.<init>(WebDriverUtility.java:29)
at com.crm.vtiger.GenericUtils.BaseClass.<init>(BaseClass.java:26)
at com.crm.vtiger.GenericUtils.WebDriverUtility.<init>(WebDriverUtility.java:29)
at com.crm.vtiger.GenericUtils.BaseClass.<init>(BaseClass.java:26)
at com.crm.vtiger.GenericUtils.WebDriverUtility.<init>(WebDriverUtility.java:29)
at com.crm.vtiger.GenericUtils.BaseClass.<init>(BaseClass.java:26)
at com.crm.vtiger.GenericUtils.WebDriverUtility.<init>(WebDriverUtility.java:29)
at com.crm.vtiger.GenericUtils.BaseClass.<init>(BaseClass.java:26)
at com.crm.vtiger.GenericUtils.WebDriverUtility.<init>(WebDriverUtility.java:29)
at com.crm.vtiger.GenericUtils.BaseClass.<init>(BaseClass.java:26)
at com.crm.vtiger.GenericUtils.WebDriverUtility.<init>(WebDriverUtility.java:29)
at com.crm.vtiger.GenericUtils.BaseClass.<init>(BaseClass.java:26)
at com.crm.vtiger.GenericUtils.WebDriverUtility.<init>(WebDriverUtility.java:29)
at com.crm.vtiger.GenericUtils.BaseClass.<init>(BaseClass.java:26)
at com.crm.vtiger.GenericUtils.WebDriverUtility.<init>(WebDriverUtility.java:29)
at com.crm.vtiger.GenericUtils.BaseClass.<init>(BaseClass.java:26)
at com.crm.vtiger.GenericUtils.WebDriverUtility.<init>(WebDriverUtility.java:29)
at com.crm.vtiger.GenericUtils.BaseClass.<init>(BaseClass.java:26)
at com.crm.vtiger.GenericUtils.WebDriverUtility.<init>(WebDriverUtility.java:29)
at com.crm.vtiger.GenericUtils.BaseClass.<init>(BaseClass.java:26)
at com.crm.vtiger.GenericUtils.WebDriverUtility.<init>(WebDriverUtility.java:29)
at com.crm.vtiger.GenericUtils.BaseClass.<init>(BaseClass.java:26)
at com.crm.vtiger.GenericUtils.WebDriverUtility.<init>(WebDriverUtility.java:29)
at com.crm.vtiger.GenericUtils.BaseClass.<init>(BaseClass.java:26)
at com.crm.vtiger.GenericUtils.WebDriverUtility.<init>(WebDriverUtility.java:29)
at com.crm.vtiger.GenericUtils.BaseClass.<init>(BaseClass.java:26)
at com.crm.vtiger.GenericUtils.WebDriverUtility.<init>(WebDriverUtility.java:29)
at com.crm.vtiger.GenericUtils.BaseClass.<init>(BaseClass.java:26)
at com.crm.vtiger.GenericUtils.WebDriverUtility.<init>(WebDriverUtility.java:29)
at com.crm.vtiger.GenericUtils.BaseClass.<init>(BaseClass.java:26)
at com.crm.vtiger.GenericUtils.WebDriverUtility.<init>(WebDriverUtility.java:29)
at com.crm.vtiger.GenericUtils.BaseClass.<init>(BaseClass.java:26)
at com.crm.vtiger.GenericUtils.WebDriverUtility.<init>(WebDriverUtility.java:29)
at com.crm.vtiger.GenericUtils.BaseClass.<init>(BaseClass.java:26)
at com.crm.vtiger.GenericUtils.WebDriverUtility.<init>(WebDriverUtility.java:29)
at com.crm.vtiger.GenericUtils.BaseClass.<init>(BaseClass.java:26)
at com.crm.vtiger.GenericUtils.WebDriverUtility.<init>(WebDriverUtility.java:29)
at com.crm.vtiger.GenericUtils.BaseClass.<init>(BaseClass.java:26)
at com.crm.vtiger.GenericUtils.WebDriverUtility.<init>(WebDriverUtility.java:29)
at com.crm.vtiger.GenericUtils.BaseClass.<init>(BaseClass.java:26)
at com.crm.vtiger.GenericUtils.WebDriverUtility.<init>(WebDriverUtility.java:29)
at com.crm.vtiger.GenericUtils.BaseClass.<init>(BaseClass.java:26)
at com.crm.vtiger.GenericUtils.WebDriverUtility.<init>(WebDriverUtility.java:29)
at com.crm.vtiger.GenericUtils.BaseClass.<init>(BaseClass.java:26)
at com.crm.vtiger.GenericUtils.WebDriverUtility.<init>(WebDriverUtility.java:29)
at com.crm.vtiger.GenericUtils.BaseClass.<init>(BaseClass.java:26)
at com.crm.vtiger.GenericUtils.WebDriverUtility.<init>(WebDriverUtility.java:29)
at com.crm.vtiger.GenericUtils.BaseClass.<init>(BaseClass.java:26)
at com.crm.vtiger.GenericUtils.WebDriverUtility.<init>(WebDriverUtility.java:29)
at com.crm.vtiger.GenericUtils.BaseClass.<init>(BaseClass.java:26)
at com.crm.vtiger.GenericUtils.WebDriverUtility.<init>(WebDriverUtility.java:29)
at com.crm.vtiger.GenericUtils.BaseClass.<init>(BaseClass.java:26)
at com.crm.vtiger.GenericUtils.WebDriverUtility.<init>(WebDriverUtility.java:29)
at com.crm.vtiger.GenericUtils.BaseClass.<init>(BaseClass.java:26)
at com.crm.vtiger.GenericUtils.WebDriverUtility.<init>(WebDriverUtility.java:29)
at com.crm.vtiger.GenericUtils.BaseClass.<init>(BaseClass.java:26)
at com.crm.vtiger.GenericUtils.WebDriverUtility.<init>(WebDriverUtility.java:29)
at com.crm.vtiger.GenericUtils.BaseClass.<init>(BaseClass.java:26)
at com.crm.vtiger.GenericUtils.WebDriverUtility.<init>(WebDriverUtility.java:29)
at com.crm.vtiger.GenericUtils.BaseClass.<init>(BaseClass.java:26)
at com.crm.vtiger.GenericUtils.WebDriverUtility.<init>(WebDriverUtility.java:29)
at com.crm.vtiger.GenericUtils.BaseClass.<init>(BaseClass.java:26)
at com.crm.vtiger.GenericUtils.WebDriverUtility.<init>(WebDriverUtility.java:29)
at com.crm.vtiger.GenericUtils.BaseClass.<init>(BaseClass.java:26)
at com.crm.vtiger.GenericUtils.WebDriverUtility.<init>(WebDriverUtility.java:29)
at com.crm.vtiger.GenericUtils.BaseClass.<init>(BaseClass.java:26)
at com.crm.vtiger.GenericUtils.WebDriverUtility.<init>(WebDriverUtility.java:29)
at com.crm.vtiger.GenericUtils.BaseClass.<init>(BaseClass.java:26)
at com.crm.vtiger.GenericUtils.WebDriverUtility.<init>(WebDriverUtility.java:29)
at com.crm.vtiger.GenericUtils.BaseClass.<init>(BaseClass.java:26)
at com.crm.vtiger.GenericUtils.WebDriverUtility.<init>(WebDriverUtility.java:29)
at com.crm.vtiger.GenericUtils.BaseClass.<init>(BaseClass.java:26)
at com.crm.vtiger.GenericUtils.WebDriverUtility.<init>(WebDriverUtility.java:29)
at com.crm.vtiger.GenericUtils.BaseClass.<init>(BaseClass.java:26)
at com.crm.vtiger.GenericUtils.WebDriverUtility.<init>(WebDriverUtility.java:29)
at com.crm.vtiger.GenericUtils.BaseClass.<init>(BaseClass.java:26)
at com.crm.vtiger.GenericUtils.WebDriverUtility.<init>(WebDriverUtility.java:29)
at com.crm.vtiger.GenericUtils.BaseClass.<init>(BaseClass.java:26)
at com.crm.vtiger.GenericUtils.WebDriverUtility.<init>(WebDriverUtility.java:29)
at com.crm.vtiger.GenericUtils.BaseClass.<init>(BaseClass.java:26)
at com.crm.vtiger.GenericUtils.WebDriverUtility.<init>(WebDriverUtility.java:29)
at com.crm.vtiger.GenericUtils.BaseClass.<init>(BaseClass.java:26)
at com.crm.vtiger.GenericUtils.WebDriverUtility.<init>(WebDriverUtility.java:29)
at com.crm.vtiger.GenericUtils.BaseClass.<init>(BaseClass.java:26)
at com.crm.vtiger.GenericUtils.WebDriverUtility.<init>(WebDriverUtility.java:29)
at com.crm.vtiger.GenericUtils.BaseClass.<init>(BaseClass.java:26)
at com.crm.vtiger.GenericUtils.WebDriverUtility.<init>(WebDriverUtility.java:29)
at com.crm.vtiger.GenericUtils.BaseClass.<init>(BaseClass.java:26)
at com.crm.vtiger.GenericUtils.WebDriverUtility.<init>(WebDriverUtility.java:29)
at com.crm.vtiger.GenericUtils.BaseClass.<init>(BaseClass.java:26)
at com.crm.vtiger.GenericUtils.WebDriverUtility.<init>(WebDriverUtility.java:29)
at com.crm.vtiger.GenericUtils.BaseClass.<init>(BaseClass.java:26)
at com.crm.vtiger.GenericUtils.WebDriverUtility.<init>(WebDriverUtility.java:29)
at com.crm.vtiger.GenericUtils.BaseClass.<init>(BaseClass.java:26)
at com.crm.vtiger.GenericUtils.WebDriverUtility.<init>(WebDriverUtility.java:29)
at com.crm.vtiger.GenericUtils.BaseClass.<init>(BaseClass.java:26)
at com.crm.vtiger.GenericUtils.WebDriverUtility.<init>(WebDriverUtility.java:29)
at com.crm.vtiger.GenericUtils.BaseClass.<init>(BaseClass.java:26)
at com.crm.vtiger.GenericUtils.WebDriverUtility.<init>(WebDriverUtility.java:29)
at com.crm.vtiger.GenericUtils.BaseClass.<init>(BaseClass.java:26)
at com.crm.vtiger.GenericUtils.WebDriverUtility.<init>(WebDriverUtility.java:29)
at com.crm.vtiger.GenericUtils.BaseClass.<init>(BaseClass.java:26)
at com.crm.vtiger.GenericUtils.WebDriverUtility.<init>(WebDriverUtility.java:29)
at com.crm.vtiger.GenericUtils.BaseClass.<init>(BaseClass.java:26)
at com.crm.vtiger.GenericUtils.WebDriverUtility.<init>(WebDriverUtility.java:29)
at com.crm.vtiger.GenericUtils.BaseClass.<init>(BaseClass.java:26)
at com.crm.vtiger.GenericUtils.WebDriverUtility.<init>(WebDriverUtility.java:29)
at com.crm.vtiger.GenericUtils.BaseClass.<init>(BaseClass.java:26)
at com.crm.vtiger.GenericUtils.WebDriverUtility.<init>(WebDriverUtility.java:29)
at com.crm.vtiger.GenericUtils.BaseClass.<init>(BaseClass.java:26)
at com.crm.vtiger.GenericUtils.WebDriverUtility.<init>(WebDriverUtility.java:29)
at com.crm.vtiger.GenericUtils.BaseClass.<init>(BaseClass.java:26)
at com.crm.vtiger.GenericUtils.WebDriverUtility.<init>(WebDriverUtility.java:29)
at com.crm.vtiger.GenericUtils.BaseClass.<init>(BaseClass.java:26)
at com.crm.vtiger.GenericUtils.WebDriverUtility.<init>(WebDriverUtility.java:29)
at com.crm.vtiger.GenericUtils.BaseClass.<init>(BaseClass.java:26)
at com.crm.vtiger.GenericUtils.WebDriverUtility.<init>(WebDriverUtility.java:29)
at com.crm.vtiger.GenericUtils.BaseClass.<init>(BaseClass.java:26)
at com.crm.vtiger.GenericUtils.WebDriverUtility.<init>(WebDriverUtility.java:29)
at com.crm.vtiger.GenericUtils.BaseClass.<init>(BaseClass.java:26)
at com.crm.vtiger.GenericUtils.WebDriverUtility.<init>(WebDriverUtility.java:29)
at com.crm.vtiger.GenericUtils.BaseClass.<init>(BaseClass.java:26)
at com.crm.vtiger.GenericUtils.WebDriverUtility.<init>(WebDriverUtility.java:29)
at com.crm.vtiger.GenericUtils.BaseClass.<init>(BaseClass.java:26)
at com.crm.vtiger.GenericUtils.WebDriverUtility.<init>(WebDriverUtility.java:29)
at com.crm.vtiger.GenericUtils.BaseClass.<init>(BaseClass.java:26)
at com.crm.vtiger.GenericUtils.WebDriverUtility.<init>(WebDriverUtility.java:29)
at com.crm.vtiger.GenericUtils.BaseClass.<init>(BaseClass.java:26)
at com.crm.vtiger.GenericUtils.WebDriverUtility.<init>(WebDriverUtility.java:29)
at com.crm.vtiger.GenericUtils.BaseClass.<init>(BaseClass.java:26)
at com.crm.vtiger.GenericUtils.WebDriverUtility.<init>(WebDriverUtility.java:29)
at com.crm.vtiger.GenericUtils.BaseClass.<init>(BaseClass.java:26)
at com.crm.vtiger.GenericUtils.WebDriverUtility.<init>(WebDriverUtility.java:29)
at com.crm.vtiger.GenericUtils.BaseClass.<init>(BaseClass.java:26)
at com.crm.vtiger.GenericUtils.WebDriverUtility.<init>(WebDriverUtility.java:29)
at com.crm.vtiger.GenericUtils.BaseClass.<init>(BaseClass.java:26)
at com.crm.vtiger.GenericUtils.WebDriverUtility.<init>(WebDriverUtility.java:29)
at com.crm.vtiger.GenericUtils.BaseClass.<init>(BaseClass.java:26)
at com.crm.vtiger.GenericUtils.WebDriverUtility.<init>(WebDriverUtility.java:29)
at com.crm.vtiger.GenericUtils.BaseClass.<init>(BaseClass.java:26)
at com.crm.vtiger.GenericUtils.WebDriverUtility.<init>(WebDriverUtility.java:29)
at com.crm.vtiger.GenericUtils.BaseClass.<init>(BaseClass.java:26)
at com.crm.vtiger.GenericUtils.WebDriverUtility.<init>(WebDriverUtility.java:29)
at com.crm.vtiger.GenericUtils.BaseClass.<init>(BaseClass.java:26)
at com.crm.vtiger.GenericUtils.WebDriverUtility.<init>(WebDriverUtility.java:29)
at com.crm.vtiger.GenericUtils.BaseClass.<init>(BaseClass.java:26)
at com.crm.vtiger.GenericUtils.WebDriverUtility.<init>(WebDriverUtility.java:29)
at com.crm.vtiger.GenericUtils.BaseClass.<init>(BaseClass.java:26)
at com.crm.vtiger.GenericUtils.WebDriverUtility.<init>(WebDriverUtility.java:29)
at com.crm.vtiger.GenericUtils.BaseClass.<init>(BaseClass.java:26)
at com.crm.vtiger.GenericUtils.WebDriverUtility.<init>(WebDriverUtility.java:29)
at com.crm.vtiger.GenericUtils.BaseClass.<init>(BaseClass.java:26)
at com.crm.vtiger.GenericUtils.WebDriverUtility.<init>(WebDriverUtility.java:29)
at com.crm.vtiger.GenericUtils.BaseClass.<init>(BaseClass.java:26)
at com.crm.vtiger.GenericUtils.WebDriverUtility.<init>(WebDriverUtility.java:29)
at com.crm.vtiger.GenericUtils.BaseClass.<init>(BaseClass.java:26)
at com.crm.vtiger.GenericUtils.WebDriverUtility.<init>(WebDriverUtility.java:29)
at com.crm.vtiger.GenericUtils.BaseClass.<init>(BaseClass.java:26)
at com.crm.vtiger.GenericUtils.WebDriverUtility.<init>(WebDriverUtility.java:29)
at com.crm.vtiger.GenericUtils.BaseClass.<init>(BaseClass.java:26)
at com.crm.vtiger.GenericUtils.WebDriverUtility.<init>(WebDriverUtility.java:29)
at com.crm.vtiger.GenericUtils.BaseClass.<init>(BaseClass.java:26)
at com.crm.vtiger.GenericUtils.WebDriverUtility.<init>(WebDriverUtility.java:29)
at com.crm.vtiger.GenericUtils.BaseClass.<init>(BaseClass.java:26)
at com.crm.vtiger.GenericUtils.WebDriverUtility.<init>(WebDriverUtility.java:29)
at com.crm.vtiger.GenericUtils.BaseClass.<init>(BaseClass.java:26)
at com.crm.vtiger.GenericUtils.WebDriverUtility.<init>(WebDriverUtility.java:29)
at com.crm.vtiger.GenericUtils.BaseClass.<init>(BaseClass.java:26)
at com.crm.vtiger.GenericUtils.WebDriverUtility.<init>(WebDriverUtility.java:29)
at com.crm.vtiger.GenericUtils.BaseClass.<init>(BaseClass.java:26)
at com.crm.vtiger.GenericUtils.WebDriverUtility.<init>(WebDriverUtility.java:29)
at com.crm.vtiger.GenericUtils.BaseClass.<init>(BaseClass.java:26)
at com.crm.vtiger.GenericUtils.WebDriverUtility.<init>(WebDriverUtility.java:29)
at com.crm.vtiger.GenericUtils.BaseClass.<init>(BaseClass.java:26)
at com.crm.vtiger.GenericUtils.WebDriverUtility.<init>(WebDriverUtility.java:29)
at com.crm.vtiger.GenericUtils.BaseClass.<init>(BaseClass.java:26)
at com.crm.vtiger.GenericUtils.WebDriverUtility.<init>(WebDriverUtility.java:29)
at com.crm.vtiger.GenericUtils.BaseClass.<init>(BaseClass.java:26)
at com.crm.vtiger.GenericUtils.WebDriverUtility.<init>(WebDriverUtility.java:29)
at com.crm.vtiger.GenericUtils.BaseClass.<init>(BaseClass.java:26)
at com.crm.vtiger.GenericUtils.WebDriverUtility.<init>(WebDriverUtility.java:29)
at com.crm.vtiger.GenericUtils.BaseClass.<init>(BaseClass.java:26)
at com.crm.vtiger.GenericUtils.WebDriverUtility.<init>(WebDriverUtility.java:29)
at com.crm.vtiger.GenericUtils.BaseClass.<init>(BaseClass.java:26)
at com.crm.vtiger.GenericUtils.WebDriverUtility.<init>(WebDriverUtility.java:29)
at com.crm.vtiger.GenericUtils.BaseClass.<init>(BaseClass.java:26)
at com.crm.vtiger.GenericUtils.WebDriverUtility.<init>(WebDriverUtility.java:29)
at com.crm.vtiger.GenericUtils.BaseClass.<init>(BaseClass.java:26)
at com.crm.vtiger.GenericUtils.WebDriverUtility.<init>(WebDriverUtility.java:29)
at com.crm.vtiger.GenericUtils.BaseClass.<init>(BaseClass.java:26)
at com.crm.vtiger.GenericUtils.WebDriverUtility.<init>(WebDriverUtility.java:29)
at com.crm.vtiger.GenericUtils.BaseClass.<init>(BaseClass.java:26)
at com.crm.vtiger.GenericUtils.WebDriverUtility.<init>(WebDriverUtility.java:29)
at com.crm.vtiger.GenericUtils.BaseClass.<init>(BaseClass.java:26)
at com.crm.vtiger.GenericUtils.WebDriverUtility.<init>(WebDriverUtility.java:29)
at com.crm.vtiger.GenericUtils.BaseClass.<init>(BaseClass.java:26)
at com.crm.vtiger.GenericUtils.WebDriverUtility.<init>(WebDriverUtility.java:29)
at com.crm.vtiger.GenericUtils.BaseClass.<init>(BaseClass.java:26)
at com.crm.vtiger.GenericUtils.WebDriverUtility.<init>(WebDriverUtility.java:29)
at com.crm.vtiger.GenericUtils.BaseClass.<init>(BaseClass.java:26)
at com.crm.vtiger.GenericUtils.WebDriverUtility.<init>(WebDriverUtility.java:29)
at com.crm.vtiger.GenericUtils.BaseClass.<init>(BaseClass.java:26)
at com.crm.vtiger.GenericUtils.WebDriverUtility.<init>(WebDriverUtility.java:29)
at com.crm.vtiger.GenericUtils.BaseClass.<init>(BaseClass.java:26)
at com.crm.vtiger.GenericUtils.WebDriverUtility.<init>(WebDriverUtility.java:29)
at com.crm.vtiger.GenericUtils.BaseClass.<init>(BaseClass.java:26)
at com.crm.vtiger.GenericUtils.WebDriverUtility.<init>(WebDriverUtility.java:29)
at com.crm.vtiger.GenericUtils.BaseClass.<init>(BaseClass.java:26)
at com.crm.vtiger.GenericUtils.WebDriverUtility.<init>(WebDriverUtility.java:29)
at com.crm.vtiger.GenericUtils.BaseClass.<init>(BaseClass.java:26)
at com.crm.vtiger.GenericUtils.WebDriverUtility.<init>(WebDriverUtility.java:29)
at com.crm.vtiger.GenericUtils.BaseClass.<init>(BaseClass.java:26)
at com.crm.vtiger.GenericUtils.WebDriverUtility.<init>(WebDriverUtility.java:29)
at com.crm.vtiger.GenericUtils.BaseClass.<init>(BaseClass.java:26)
at com.crm.vtiger.GenericUtils.WebDriverUtility.<init>(WebDriverUtility.java:29)
at com.crm.vtiger.GenericUtils.BaseClass.<init>(BaseClass.java:26)
at com.crm.vtiger.GenericUtils.WebDriverUtility.<init>(WebDriverUtility.java:29)
at com.crm.vtiger.GenericUtils.BaseClass.<init>(BaseClass.java:26)
at com.crm.vtiger.GenericUtils.WebDriverUtility.<init>(WebDriverUtility.java:29)
at com.crm.vtiger.GenericUtils.BaseClass.<init>(BaseClass.java:26)
at com.crm.vtiger.GenericUtils.WebDriverUtility.<init>(WebDriverUtility.java:29)
at com.crm.vtiger.GenericUtils.BaseClass.<init>(BaseClass.java:26)
at com.crm.vtiger.GenericUtils.WebDriverUtility.<init>(WebDriverUtility.java:29)
at com.crm.vtiger.GenericUtils.BaseClass.<init>(BaseClass.java:26)
at com.crm.vtiger.GenericUtils.WebDriverUtility.<init>(WebDriverUtility.java:29)
at com.crm.vtiger.GenericUtils.BaseClass.<init>(BaseClass.java:26)
at com.crm.vtiger.GenericUtils.WebDriverUtility.<init>(WebDriverUtility.java:29)
at com.crm.vtiger.GenericUtils.BaseClass.<init>(BaseClass.java:26)
at com.crm.vtiger.GenericUtils.WebDriverUtility.<init>(WebDriverUtility.java:29)
at com.crm.vtiger.GenericUtils.BaseClass.<init>(BaseClass.java:26)
at com.crm.vtiger.GenericUtils.WebDriverUtility.<init>(WebDriverUtility.java:29)
at com.crm.vtiger.GenericUtils.BaseClass.<init>(BaseClass.java:26)
at com.crm.vtiger.GenericUtils.WebDriverUtility.<init>(WebDriverUtility.java:29)
at com.crm.vtiger.GenericUtils.BaseClass.<init>(BaseClass.java:26)
at com.crm.vtiger.GenericUtils.WebDriverUtility.<init>(WebDriverUtility.java:29)
at com.crm.vtiger.GenericUtils.BaseClass.<init>(BaseClass.java:26)
at com.crm.vtiger.GenericUtils.WebDriverUtility.<init>(WebDriverUtility.java:29)
at com.crm.vtiger.GenericUtils.BaseClass.<init>(BaseClass.java:26)
at com.crm.vtiger.GenericUtils.WebDriverUtility.<init>(WebDriverUtility.java:29)
at com.crm.vtiger.GenericUtils.BaseClass.<init>(BaseClass.java:26)
at com.crm.vtiger.GenericUtils.WebDriverUtility.<init>(WebDriverUtility.java:29)
at com.crm.vtiger.GenericUtils.BaseClass.<init>(BaseClass.java:26)
at com.crm.vtiger.GenericUtils.WebDriverUtility.<init>(WebDriverUtility.java:29)
at com.crm.vtiger.GenericUtils.BaseClass.<init>(BaseClass.java:26)
at com.crm.vtiger.GenericUtils.WebDriverUtility.<init>(WebDriverUtility.java:29)
at com.crm.vtiger.GenericUtils.BaseClass.<init>(BaseClass.java:26)
at com.crm.vtiger.GenericUtils.WebDriverUtility.<init>(WebDriverUtility.java:29)
at com.crm.vtiger.GenericUtils.BaseClass.<init>(BaseClass.java:26)
at com.crm.vtiger.GenericUtils.WebDriverUtility.<init>(WebDriverUtility.java:29)
at com.crm.vtiger.GenericUtils.BaseClass.<init>(BaseClass.java:26)
at com.crm.vtiger.GenericUtils.WebDriverUtility.<init>(WebDriverUtility.java:29)
at com.crm.vtiger.GenericUtils.BaseClass.<init>(BaseClass.java:26)
at com.crm.vtiger.GenericUtils.WebDriverUtility.<init>(WebDriverUtility.java:29)
at com.crm.vtiger.GenericUtils.BaseClass.<init>(BaseClass.java:26)
at com.crm.vtiger.GenericUtils.WebDriverUtility.<init>(WebDriverUtility.java:29)
at com.crm.vtiger.GenericUtils.BaseClass.<init>(BaseClass.java:26)
at com.crm.vtiger.GenericUtils.WebDriverUtility.<init>(WebDriverUtility.java:29)
at com.crm.vtiger.GenericUtils.BaseClass.<init>(BaseClass.java:26)
at com.crm.vtiger.GenericUtils.WebDriverUtility.<init>(WebDriverUtility.java:29)
at com.crm.vtiger.GenericUtils.BaseClass.<init>(BaseClass.java:26)
at com.crm.vtiger.GenericUtils.WebDriverUtility.<init>(WebDriverUtility.java:29)
at com.crm.vtiger.GenericUtils.BaseClass.<init>(BaseClass.java:26)
at com.crm.vtiger.GenericUtils.WebDriverUtility.<init>(WebDriverUtility.java:29)
at com.crm.vtiger.GenericUtils.BaseClass.<init>(BaseClass.java:26)
at com.crm.vtiger.GenericUtils.WebDriverUtility.<init>(WebDriverUtility.java:29)
at com.crm.vtiger.GenericUtils.BaseClass.<init>(BaseClass.java:26)
at com.crm.vtiger.GenericUtils.WebDriverUtility.<init>(WebDriverUtility.java:29)
at com.crm.vtiger.GenericUtils.BaseClass.<init>(BaseClass.java:26)
at com.crm.vtiger.GenericUtils.WebDriverUtility.<init>(WebDriverUtility.java:29)
at com.crm.vtiger.GenericUtils.BaseClass.<init>(BaseClass.java:26)
at com.crm.vtiger.GenericUtils.WebDriverUtility.<init>(WebDriverUtility.java:29)
at com.crm.vtiger.GenericUtils.BaseClass.<init>(BaseClass.java:26)
at com.crm.vtiger.GenericUtils.WebDriverUtility.<init>(WebDriverUtility.java:29)
at com.crm.vtiger.GenericUtils.BaseClass.<init>(BaseClass.java:26)
at com.crm.vtiger.GenericUtils.WebDriverUtility.<init>(WebDriverUtility.java:29)
at com.crm.vtiger.GenericUtils.BaseClass.<init>(BaseClass.java:26)
at com.crm.vtiger.GenericUtils.WebDriverUtility.<init>(WebDriverUtility.java:29)
at com.crm.vtiger.GenericUtils.BaseClass.<init>(BaseClass.java:26)
at com.crm.vtiger.GenericUtils.WebDriverUtility.<init>(WebDriverUtility.java:29)
at com.crm.vtiger.GenericUtils.BaseClass.<init>(BaseClass.java:26)
at com.crm.vtiger.GenericUtils.WebDriverUtility.<init>(WebDriverUtility.java:29)
at com.crm.vtiger.GenericUtils.BaseClass.<init>(BaseClass.java:26)
at com.crm.vtiger.GenericUtils.WebDriverUtility.<init>(WebDriverUtility.java:29)
at com.crm.vtiger.GenericUtils.BaseClass.<init>(BaseClass.java:26)
at com.crm.vtiger.GenericUtils.WebDriverUtility.<init>(WebDriverUtility.java:29)
at com.crm.vtiger.GenericUtils.BaseClass.<init>(BaseClass.java:26)
at com.crm.vtiger.GenericUtils.WebDriverUtility.<init>(WebDriverUtility.java:29)
at com.crm.vtiger.GenericUtils.BaseClass.<init>(BaseClass.java:26)
at com.crm.vtiger.GenericUtils.WebDriverUtility.<init>(WebDriverUtility.java:29)
at com.crm.vtiger.GenericUtils.BaseClass.<init>(BaseClass.java:26)
at com.crm.vtiger.GenericUtils.WebDriverUtility.<init>(WebDriverUtility.java:29)
at com.crm.vtiger.GenericUtils.BaseClass.<init>(BaseClass.java:26)
at com.crm.vtiger.GenericUtils.WebDriverUtility.<init>(WebDriverUtility.java:29)
at com.crm.vtiger.GenericUtils.BaseClass.<init>(BaseClass.java:26)
at com.crm.vtiger.GenericUtils.WebDriverUtility.<init>(WebDriverUtility.java:29)
at com.crm.vtiger.GenericUtils.BaseClass.<init>(BaseClass.java:26)
at com.crm.vtiger.GenericUtils.WebDriverUtility.<init>(WebDriverUtility.java:29)
at com.crm.vtiger.GenericUtils.BaseClass.<init>(BaseClass.java:26)
at com.crm.vtiger.GenericUtils.WebDriverUtility.<init>(WebDriverUtility.java:29)
at com.crm.vtiger.GenericUtils.BaseClass.<init>(BaseClass.java:26)
at com.crm.vtiger.GenericUtils.WebDriverUtility.<init>(WebDriverUtility.java:29)
at com.crm.vtiger.GenericUtils.BaseClass.<init>(BaseClass.java:26)
at com.crm.vtiger.GenericUtils.WebDriverUtility.<init>(WebDriverUtility.java:29)
at com.crm.vtiger.GenericUtils.BaseClass.<init>(BaseClass.java:26)
at com.crm.vtiger.GenericUtils.WebDriverUtility.<init>(WebDriverUtility.java:29)
at com.crm.vtiger.GenericUtils.BaseClass.<init>(BaseClass.java:26)
at com.crm.vtiger.GenericUtils.WebDriverUtility.<init>(WebDriverUtility.java:29)
at com.crm.vtiger.GenericUtils.BaseClass.<init>(BaseClass.java:26)
at com.crm.vtiger.GenericUtils.WebDriverUtility.<init>(WebDriverUtility.java:29)
at com.crm.vtiger.GenericUtils.BaseClass.<init>(BaseClass.java:26)
at com.crm.vtiger.GenericUtils.WebDriverUtility.<init>(WebDriverUtility.java:29)
at com.crm.vtiger.GenericUtils.BaseClass.<init>(BaseClass.java:26)
]]>
    </error>
  </testcase> <!-- TC_07_CreateNewLeadBySelectingDifferentIndustryFromDropDown -->
  <system-out/>
</testsuite> <!-- com.crm.vtiger.leadsTests.TC_07_CreateNewLeadBySelectingDifferentIndustryFromDropDownTest -->
