<?xml version="1.0" encoding="UTF-8"?>
<!-- Generated by org.testng.reporters.JUnitReportReporter -->
<testsuite hostname="user" failures="0" tests="1" name="com.crm.vtiger.leadsTests.TC_06_CreateNewLeadBySelectingDifferentLeadSourceFromDropDownTest" time="253.220" errors="0" timestamp="2021-05-08T23:56:04 IST" skipped="0">
  <testcase classname="com.crm.vtiger.leadsTests.TC_06_CreateNewLeadBySelectingDifferentLeadSourceFromDropDownTest" name="TC_06_CreateNewLeadBySelectingDifferentLeadSourceFromDropDown" time="253.220"/>
  <system-out/>
</testsuite> <!-- com.crm.vtiger.leadsTests.TC_06_CreateNewLeadBySelectingDifferentLeadSourceFromDropDownTest -->
