<?xml version="1.0" encoding="UTF-8"?>
<!-- Generated by org.testng.reporters.JUnitReportReporter -->
<testsuite hostname="user" failures="0" tests="1" name="com.crm.vtiger.leadsTests.TC_09_CreateNewLeadBySelectingDifferentRatingDropDownTest" time="47.159" errors="0" timestamp="2021-05-06T23:15:08 IST" skipped="0">
  <testcase classname="com.crm.vtiger.leadsTests.TC_09_CreateNewLeadBySelectingDifferentRatingDropDownTest" name="TC_09_CreateNewLeadBySelectingDifferentRatingDropDown" time="47.159"/>
  <system-out/>
</testsuite> <!-- com.crm.vtiger.leadsTests.TC_09_CreateNewLeadBySelectingDifferentRatingDropDownTest -->
