<?xml version="1.0" encoding="UTF-8"?>
<!-- Generated by org.testng.reporters.JUnitReportReporter -->
<testsuite hostname="user" failures="0" tests="1" name="com.crm.vtiger.sampleTests.FetchingDataFromJSONtest" time="0.038" errors="0" timestamp="2021-05-18T17:42:27 IST" skipped="0">
  <testcase classname="com.crm.vtiger.sampleTests.FetchingDataFromJSONtest" name="toFetchDataFromJsonFile" time="0.038"/>
  <system-out/>
</testsuite> <!-- com.crm.vtiger.sampleTests.FetchingDataFromJSONtest -->
