<?xml version="1.0" encoding="UTF-8"?>
<!-- Generated by org.testng.reporters.JUnitReportReporter -->
<testsuite hostname="user" failures="0" tests="2" name="com.crm.vtiger.sampleTests.Sample1Test" time="0.017" errors="0" timestamp="2021-05-10T07:44:27 IST" skipped="0">
  <testcase classname="com.crm.vtiger.sampleTests.Sample1Test" name="sample4" time="0.003"/>
  <system-out/>
  <testcase classname="com.crm.vtiger.sampleTests.Sample1Test" name="sample3" time="0.014"/>
  <system-out/>
</testsuite> <!-- com.crm.vtiger.sampleTests.Sample1Test -->
