<?xml version="1.0" encoding="UTF-8"?>
<!-- Generated by org.testng.reporters.JUnitReportReporter -->
<testsuite hostname="user" failures="0" tests="1" name="Sample.Sample1_Test" time="0.086" errors="0" timestamp="2021-05-12T22:06:31 IST" skipped="0">
  <testcase classname="Sample.Sample1_Test" name="addition" time="0.086"/>
  <system-out>
the value is30  </system-out>
</testsuite> <!-- Sample.Sample1_Test -->
