<?xml version="1.0" encoding="UTF-8"?>
<!-- Generated by org.testng.reporters.JUnitReportReporter -->
<testsuite hostname="user" failures="0" tests="1" name="com.google.gmail.ReadingDataFromPropertyFile" time="0.014" errors="0" timestamp="2021-04-23T13:17:49 IST" skipped="0">
  <testcase classname="com.google.gmail.ReadingDataFromPropertyFile" name="readDataTest" time="0.014"/>
  <system-out/>
</testsuite> <!-- com.google.gmail.ReadingDataFromPropertyFile -->
