<?xml version="1.0" encoding="UTF-8"?>
<!-- Generated by org.testng.reporters.JUnitReportReporter -->
<testsuite hostname="user" failures="0" tests="1" name="Sample.Sample8_Test" time="83.399" errors="0" timestamp="2021-05-12T23:06:53 IST" skipped="0">
  <testcase classname="Sample.Sample8_Test" name="signInToSkillRayApp_SecondTime" time="83.399"/>
  <system-out/>
</testsuite> <!-- Sample.Sample8_Test -->
