<?xml version="1.0" encoding="UTF-8"?>
<!-- Generated by org.testng.reporters.JUnitReportReporter -->
<testsuite hostname="user" failures="0" tests="2" name="Sample.Sample9_Test" time="299.765" errors="0" timestamp="2021-05-12T23:53:01 IST" skipped="0">
  <testcase classname="Sample.Sample9_Test" name="signInToSkillRayApp" time="164.736"/>
  <system-out/>
  <testcase classname="Sample.Sample9_Test" name="signInToSkillRayApp" time="135.029"/>
  <system-out/>
</testsuite> <!-- Sample.Sample9_Test -->
