<?xml version="1.0" encoding="UTF-8"?>
<!-- Generated by org.testng.reporters.JUnitReportReporter -->
<testsuite hostname="user" failures="0" tests="1" name="com.google.gmail.DataBaseUtils" time="0.596" errors="0" timestamp="2021-05-01T22:08:06 IST" skipped="0">
  <testcase classname="com.google.gmail.DataBaseUtils" name="getExecuteQuery" time="0.596"/>
  <system-out/>
</testsuite> <!-- com.google.gmail.DataBaseUtils -->
