<?xml version="1.0" encoding="UTF-8"?>
<!-- Generated by org.testng.reporters.JUnitReportReporter -->
<testsuite hostname="user" failures="0" tests="2" name="Sample.Sample3_Test" time="0.018" errors="0" timestamp="2021-05-12T22:33:24 IST" skipped="1">
  <testcase classname="Sample.Sample3_Test" name="login" time="0.018"/>
  <system-out>
Logged into the application  </system-out>
  <testcase classname="Sample.Sample3_Test" name="applogOut">
    <skipped/>
  </testcase> <!-- applogOut -->
  <system-out/>
</testsuite> <!-- Sample.Sample3_Test -->
