<?xml version="1.0" encoding="UTF-8"?>
<!-- Generated by org.testng.reporters.JUnitReportReporter -->
<testsuite hostname="user" failures="0" tests="2" name="Sample.Sample5_Test" time="0.024" errors="0" timestamp="2021-05-12T22:47:16 IST" skipped="0">
  <testcase classname="Sample.Sample5_Test" name="login" time="0.004"/>
  <system-out>
Logged into the application  </system-out>
  <testcase classname="Sample.Sample5_Test" name="applogOut" time="0.020"/>
  <system-out>
Logged out from application  </system-out>
</testsuite> <!-- Sample.Sample5_Test -->
