<?xml version="1.0" encoding="UTF-8"?>
<!-- Generated by org.testng.reporters.JUnitReportReporter -->
<testsuite hostname="user" failures="0" tests="2" name="Sample.Sample6_Test" time="0.007" errors="0" timestamp="2021-05-12T22:47:16 IST" skipped="0">
  <testcase classname="Sample.Sample6_Test" name="applogOut" time="0.003"/>
  <system-out>
Logged out from application second time  </system-out>
  <testcase classname="Sample.Sample6_Test" name="login" time="0.004"/>
  <system-out>
Logged into the application second time  </system-out>
</testsuite> <!-- Sample.Sample6_Test -->
