<?xml version="1.0" encoding="UTF-8"?>
<!-- Generated by org.testng.reporters.JUnitReportReporter -->
<testsuite hostname="user" failures="0" tests="1" name="com.google.gmail.ToReadDataFromXML" time="0.025" errors="0" timestamp="2021-04-23T14:36:22 IST" skipped="0">
  <testcase classname="com.google.gmail.ToReadDataFromXML" name="readDataFromXml" time="0.025"/>
  <system-out/>
</testsuite> <!-- com.google.gmail.ToReadDataFromXML -->
